{"level":"warn","message":"Message broker channel not available. Some functionality may be limited.","module":"app","service":"customer-service","timestamp":"2025-03-19 19:41:56"}
{"level":"warn","message":"Message broker channel not available. Event subscription skipped.","module":"app","service":"customer-service","timestamp":"2025-03-19 19:41:56"}
{"level":"warn","message":"Message broker channel not available. Some functionality may be limited.","module":"app","service":"customer-service","timestamp":"2025-03-19 19:43:48"}
{"level":"warn","message":"Message broker channel not available. Event subscription skipped.","module":"app","service":"customer-service","timestamp":"2025-03-19 19:43:48"}
{"level":"info","message":"POST /api/customers/login","module":"app","service":"customer-service","timestamp":"2025-03-19 19:44:04"}
{"level":"error","message":"Error during sign in: Invalid email or password","module":"customer-service","service":"customer-service","timestamp":"2025-03-19 19:44:04"}
{"level":"info","message":"POST /api/customers/login","module":"app","service":"customer-service","timestamp":"2025-03-19 19:45:26"}
{"level":"error","message":"Error during sign in: Invalid email or password","module":"customer-service","service":"customer-service","timestamp":"2025-03-19 19:45:26"}
{"level":"warn","message":"Message broker channel not available. Some functionality may be limited.","module":"app","service":"customer-service","timestamp":"2025-03-19 19:46:31"}
{"level":"warn","message":"Message broker channel not available. Event subscription skipped.","module":"app","service":"customer-service","timestamp":"2025-03-19 19:46:31"}
{"level":"info","message":"POST /api/customers/login","module":"app","service":"customer-service","timestamp":"2025-03-19 19:46:35"}
{"level":"error","message":"Error during sign in: Invalid email or password","module":"customer-service","service":"customer-service","timestamp":"2025-03-19 19:46:35"}
{"level":"warn","message":"Message broker channel not available. Some functionality may be limited.","module":"app","service":"customer-service","timestamp":"2025-03-19 19:48:43"}
{"level":"warn","message":"Message broker channel not available. Event subscription skipped.","module":"app","service":"customer-service","timestamp":"2025-03-19 19:48:43"}
{"level":"info","message":"POST /api/customers/login","module":"app","service":"customer-service","timestamp":"2025-03-19 19:48:46"}
{"level":"error","message":"Error during sign in: Invalid email or password","module":"customer-service","service":"customer-service","timestamp":"2025-03-19 19:48:46"}
{"level":"warn","message":"Message broker channel not available. Some functionality may be limited.","module":"app","service":"customer-service","timestamp":"2025-03-19 19:51:28"}
{"level":"warn","message":"Message broker channel not available. Event subscription skipped.","module":"app","service":"customer-service","timestamp":"2025-03-19 19:51:28"}
{"level":"info","message":"POST /api/customers/login","module":"app","service":"customer-service","timestamp":"2025-03-19 19:51:31"}
{"level":"error","message":"Error during sign in: Invalid email or password","module":"customer-service","service":"customer-service","timestamp":"2025-03-19 19:51:31"}
{"level":"info","message":"POST /api/customers/signup","module":"app","service":"customer-service","timestamp":"2025-03-19 19:53:40"}
{"level":"info","message":"POST /api/customers/login","module":"app","service":"customer-service","timestamp":"2025-03-19 19:53:59"}
{"level":"error","message":"Error during sign in: Invalid email or password","module":"customer-service","service":"customer-service","timestamp":"2025-03-19 19:53:59"}
{"level":"warn","message":"Message broker channel not available. Some functionality may be limited.","module":"app","service":"customer-service","timestamp":"2025-03-19 19:55:59"}
{"level":"warn","message":"Message broker channel not available. Event subscription skipped.","module":"app","service":"customer-service","timestamp":"2025-03-19 19:55:59"}
{"level":"info","message":"POST /api/customers/login","module":"app","service":"customer-service","timestamp":"2025-03-19 19:56:36"}
{"level":"error","message":"Error during sign in: Invalid email or password","module":"customer-service","service":"customer-service","timestamp":"2025-03-19 19:56:37"}
{"level":"info","message":"POST /api/customers/signup","module":"app","service":"customer-service","timestamp":"2025-03-19 19:57:06"}
{"level":"info","message":"POST /api/customers/login","module":"app","service":"customer-service","timestamp":"2025-03-19 19:57:11"}
{"level":"error","message":"Error during sign in: Invalid email or password","module":"customer-service","service":"customer-service","timestamp":"2025-03-19 19:57:11"}
{"level":"warn","message":"Message broker channel not available. Some functionality may be limited.","module":"app","service":"customer-service","timestamp":"2025-03-19 19:59:36"}
{"level":"warn","message":"Message broker channel not available. Event subscription skipped.","module":"app","service":"customer-service","timestamp":"2025-03-19 19:59:36"}
{"level":"info","message":"POST /api/customers/login","module":"app","service":"customer-service","timestamp":"2025-03-19 19:59:39"}
{"level":"warn","message":"Message broker channel not available. Some functionality may be limited.","module":"app","service":"customer-service","timestamp":"2025-03-19 20:03:49"}
{"level":"warn","message":"Message broker channel not available. Event subscription skipped.","module":"app","service":"customer-service","timestamp":"2025-03-19 20:03:49"}
{"level":"info","message":"POST /api/customers/signup","module":"app","service":"customer-service","timestamp":"2025-03-19 20:03:59"}
{"level":"info","message":"POST /api/customers/login","module":"app","service":"customer-service","timestamp":"2025-03-19 20:04:03"}
{"level":"error","message":"Error during sign in: Invalid email or password","module":"customer-service","service":"customer-service","timestamp":"2025-03-19 20:04:03"}
{"level":"warn","message":"Message broker channel not available. Some functionality may be limited.","module":"app","service":"customer-service","timestamp":"2025-03-19 20:04:34"}
{"level":"warn","message":"Message broker channel not available. Event subscription skipped.","module":"app","service":"customer-service","timestamp":"2025-03-19 20:04:34"}
{"level":"info","message":"POST /api/customers/login","module":"app","service":"customer-service","timestamp":"2025-03-19 20:04:40"}
{"level":"error","message":"Error during sign in: Invalid email or password","module":"customer-service","service":"customer-service","timestamp":"2025-03-19 20:04:40"}
{"level":"warn","message":"Message broker channel not available. Some functionality may be limited.","module":"app","service":"customer-service","timestamp":"2025-03-19 20:07:41"}
{"level":"warn","message":"Message broker channel not available. Event subscription skipped.","module":"app","service":"customer-service","timestamp":"2025-03-19 20:07:41"}
{"level":"info","message":"POST /api/customers/signup","module":"app","service":"customer-service","timestamp":"2025-03-19 20:08:06"}
{"level":"info","message":"POST /api/customers/login","module":"app","service":"customer-service","timestamp":"2025-03-19 20:08:09"}
{"level":"error","message":"Error during sign in: Invalid email or password","module":"customer-service","service":"customer-service","timestamp":"2025-03-19 20:08:09"}
{"level":"warn","message":"Message broker channel not available. Some functionality may be limited.","module":"app","service":"customer-service","timestamp":"2025-03-19 20:11:18"}
{"level":"warn","message":"Message broker channel not available. Event subscription skipped.","module":"app","service":"customer-service","timestamp":"2025-03-19 20:11:18"}
{"level":"info","message":"POST /api/customers/signup","module":"app","service":"customer-service","timestamp":"2025-03-19 20:11:22"}
{"level":"info","message":"POST /api/customers/login","module":"app","service":"customer-service","timestamp":"2025-03-19 20:11:25"}
{"level":"warn","message":"Message broker channel not available. Some functionality may be limited.","module":"app","service":"customer-service","timestamp":"2025-03-19 20:12:36"}
{"level":"warn","message":"Message broker channel not available. Event subscription skipped.","module":"app","service":"customer-service","timestamp":"2025-03-19 20:12:36"}
{"level":"info","message":"POST /api/customers/signup","module":"app","service":"customer-service","timestamp":"2025-03-19 20:12:46"}
{"level":"info","message":"POST /api/customers/login","module":"app","service":"customer-service","timestamp":"2025-03-19 20:12:48"}
{"level":"error","message":"logger is not defined","module":"error-handler","service":"customer-service","status":"error","statusCode":500,"timestamp":"2025-03-19 20:12:48"}
{"level":"warn","message":"Message broker channel not available. Some functionality may be limited.","module":"app","service":"customer-service","timestamp":"2025-03-19 20:17:31"}
{"level":"warn","message":"Message broker channel not available. Event subscription skipped.","module":"app","service":"customer-service","timestamp":"2025-03-19 20:17:31"}
{"level":"info","message":"POST /api/customers/signup","module":"app","service":"customer-service","timestamp":"2025-03-19 20:17:40"}
{"level":"info","message":"POST /api/customers/login","module":"app","service":"customer-service","timestamp":"2025-03-19 20:17:43"}
{"level":"error","message":"Error during sign in: Invalid email or password","module":"customer-service","service":"customer-service","timestamp":"2025-03-19 20:17:43"}
{"level":"warn","message":"Message broker channel not available. Some functionality may be limited.","module":"app","service":"customer-service","timestamp":"2025-03-19 20:21:43"}
{"level":"warn","message":"Message broker channel not available. Event subscription skipped.","module":"app","service":"customer-service","timestamp":"2025-03-19 20:21:43"}
{"level":"info","message":"POST /api/customers/signup","module":"app","service":"customer-service","timestamp":"2025-03-19 20:21:52"}
{"level":"info","message":"POST /api/customers/login","module":"app","service":"customer-service","timestamp":"2025-03-19 20:21:55"}
{"level":"error","message":"Error during sign in: Invalid email or password","module":"customer-service","service":"customer-service","timestamp":"2025-03-19 20:21:55"}
{"level":"warn","message":"Message broker channel not available. Some functionality may be limited.","module":"app","service":"customer-service","timestamp":"2025-03-19 20:25:43"}
{"level":"warn","message":"Message broker channel not available. Event subscription skipped.","module":"app","service":"customer-service","timestamp":"2025-03-19 20:25:43"}
{"level":"info","message":"POST /api/customers/signup","module":"app","service":"customer-service","timestamp":"2025-03-19 20:25:56"}
{"level":"info","message":"POST /api/customers/login","module":"app","service":"customer-service","timestamp":"2025-03-19 20:25:59"}
{"level":"error","message":"Error during sign in: Invalid email or password","module":"customer-service","service":"customer-service","timestamp":"2025-03-19 20:25:59"}
{"level":"info","message":"POST /api/customers/login","module":"app","service":"customer-service","timestamp":"2025-03-19 20:26:55"}
{"level":"error","message":"Error during sign in: Invalid email or password","module":"customer-service","service":"customer-service","timestamp":"2025-03-19 20:26:55"}
{"level":"warn","message":"Message broker channel not available. Some functionality may be limited.","module":"app","service":"customer-service","timestamp":"2025-03-19 20:28:39"}
{"level":"warn","message":"Message broker channel not available. Event subscription skipped.","module":"app","service":"customer-service","timestamp":"2025-03-19 20:28:39"}
{"level":"info","message":"POST /api/customers/signup","module":"app","service":"customer-service","timestamp":"2025-03-19 20:28:47"}
{"level":"info","message":"POST /api/customers/login","module":"app","service":"customer-service","timestamp":"2025-03-19 20:28:49"}
{"level":"error","message":"Error during sign in: Invalid email or password","module":"customer-service","service":"customer-service","timestamp":"2025-03-19 20:28:50"}
{"level":"warn","message":"Message broker channel not available. Some functionality may be limited.","module":"app","service":"customer-service","timestamp":"2025-03-19 20:58:35"}
{"level":"warn","message":"Message broker channel not available. Event subscription skipped.","module":"app","service":"customer-service","timestamp":"2025-03-19 20:58:35"}
{"level":"info","message":"POST /api/customers/signup","module":"app","service":"customer-service","timestamp":"2025-03-19 20:58:40"}
{"level":"info","message":"POST /api/customers/login","module":"app","service":"customer-service","timestamp":"2025-03-19 20:58:43"}
{"level":"error","message":"Error during sign in: Invalid email or password","module":"customer-service","service":"customer-service","timestamp":"2025-03-19 20:58:43"}
{"level":"warn","message":"Message broker channel not available. Some functionality may be limited.","module":"app","service":"customer-service","timestamp":"2025-03-19 21:07:08"}
{"level":"warn","message":"Message broker channel not available. Event subscription skipped.","module":"app","service":"customer-service","timestamp":"2025-03-19 21:07:08"}
{"level":"info","message":"POST /api/customers/signup","module":"app","service":"customer-service","timestamp":"2025-03-19 21:07:25"}
{"level":"info","message":"POST /api/customers/login","module":"app","service":"customer-service","timestamp":"2025-03-19 21:07:28"}
{"level":"warn","message":"Message broker channel not available. Some functionality may be limited.","module":"app","service":"customer-service","timestamp":"2025-03-19 21:10:37"}
{"level":"warn","message":"Message broker channel not available. Event subscription skipped.","module":"app","service":"customer-service","timestamp":"2025-03-19 21:10:37"}
{"level":"info","message":"POST /api/customers/signup","module":"app","service":"customer-service","timestamp":"2025-03-19 21:11:08"}
{"level":"info","message":"POST /api/customers/login","module":"app","service":"customer-service","timestamp":"2025-03-19 21:11:12"}
{"level":"error","message":"Error during sign in: APIError is not defined","module":"customer-service","service":"customer-service","timestamp":"2025-03-19 21:11:12"}
{"level":"error","message":"APIError is not defined","module":"error-handler","service":"customer-service","status":"error","statusCode":500,"timestamp":"2025-03-19 21:11:12"}
{"level":"warn","message":"Message broker channel not available. Some functionality may be limited.","module":"app","service":"customer-service","timestamp":"2025-03-19 21:12:46"}
{"level":"warn","message":"Message broker channel not available. Event subscription skipped.","module":"app","service":"customer-service","timestamp":"2025-03-19 21:12:46"}
{"level":"info","message":"POST /api/customers/login","module":"app","service":"customer-service","timestamp":"2025-03-19 21:12:49"}
{"level":"error","message":"Error finding customer: Schema hasn't been registered for model \"product\".\nUse mongoose.model(name, schema)","module":"customer-repository","service":"customer-service","timestamp":"2025-03-19 21:12:49"}
{"level":"error","message":"Error during sign in: Unable to find customer: Schema hasn't been registered for model \"product\".\nUse mongoose.model(name, schema)","module":"customer-service","service":"customer-service","timestamp":"2025-03-19 21:12:49"}
{"level":"warn","message":"Message broker channel not available. Some functionality may be limited.","module":"app","service":"customer-service","timestamp":"2025-03-19 21:13:56"}
{"level":"warn","message":"Message broker channel not available. Event subscription skipped.","module":"app","service":"customer-service","timestamp":"2025-03-19 21:13:56"}
{"level":"info","message":"POST /api/customers/login","module":"app","service":"customer-service","timestamp":"2025-03-19 21:14:02"}
{"level":"error","message":"Error finding customer: Schema hasn't been registered for model \"product\".\nUse mongoose.model(name, schema)","module":"customer-repository","service":"customer-service","timestamp":"2025-03-19 21:14:02"}
{"level":"error","message":"Error during sign in: Unable to find customer: Schema hasn't been registered for model \"product\".\nUse mongoose.model(name, schema)","module":"customer-service","service":"customer-service","timestamp":"2025-03-19 21:14:02"}
{"level":"info","message":"POST /api/customers/login","module":"app","service":"customer-service","timestamp":"2025-03-19 21:14:06"}
{"level":"error","message":"Error finding customer: Schema hasn't been registered for model \"product\".\nUse mongoose.model(name, schema)","module":"customer-repository","service":"customer-service","timestamp":"2025-03-19 21:14:06"}
{"level":"error","message":"Error during sign in: Unable to find customer: Schema hasn't been registered for model \"product\".\nUse mongoose.model(name, schema)","module":"customer-service","service":"customer-service","timestamp":"2025-03-19 21:14:06"}
{"level":"warn","message":"Message broker channel not available. Some functionality may be limited.","module":"app","service":"customer-service","timestamp":"2025-03-19 21:15:56"}
{"level":"warn","message":"Message broker channel not available. Event subscription skipped.","module":"app","service":"customer-service","timestamp":"2025-03-19 21:15:56"}
{"level":"info","message":"POST /api/customers/login","module":"app","service":"customer-service","timestamp":"2025-03-19 21:16:04"}
{"level":"error","message":"Error finding customer: Schema hasn't been registered for model \"product\".\nUse mongoose.model(name, schema)","module":"customer-repository","service":"customer-service","timestamp":"2025-03-19 21:16:04"}
{"level":"error","message":"Error during sign in: Unable to find customer: Schema hasn't been registered for model \"product\".\nUse mongoose.model(name, schema)","module":"customer-service","service":"customer-service","timestamp":"2025-03-19 21:16:04"}
{"level":"info","message":"POST /api/customers/login","module":"app","service":"customer-service","timestamp":"2025-03-19 21:16:11"}
{"level":"error","message":"Error finding customer: Schema hasn't been registered for model \"product\".\nUse mongoose.model(name, schema)","module":"customer-repository","service":"customer-service","timestamp":"2025-03-19 21:16:11"}
{"level":"error","message":"Error during sign in: Unable to find customer: Schema hasn't been registered for model \"product\".\nUse mongoose.model(name, schema)","module":"customer-service","service":"customer-service","timestamp":"2025-03-19 21:16:11"}
{"level":"warn","message":"Message broker channel not available. Some functionality may be limited.","module":"app","service":"customer-service","timestamp":"2025-03-19 21:17:52"}
{"level":"warn","message":"Message broker channel not available. Event subscription skipped.","module":"app","service":"customer-service","timestamp":"2025-03-19 21:17:52"}
{"level":"info","message":"POST /api/customers/login","module":"app","service":"customer-service","timestamp":"2025-03-19 21:18:17"}
{"level":"error","message":"Error finding customer: Schema hasn't been registered for model \"product\".\nUse mongoose.model(name, schema)","module":"customer-repository","service":"customer-service","timestamp":"2025-03-19 21:18:17"}
{"level":"error","message":"Error during sign in: Unable to find customer: Schema hasn't been registered for model \"product\".\nUse mongoose.model(name, schema)","module":"customer-service","service":"customer-service","timestamp":"2025-03-19 21:18:17"}
{"level":"warn","message":"Message broker channel not available. Some functionality may be limited.","module":"app","service":"customer-service","timestamp":"2025-03-19 21:20:16"}
{"level":"warn","message":"Message broker channel not available. Event subscription skipped.","module":"app","service":"customer-service","timestamp":"2025-03-19 21:20:16"}
{"level":"info","message":"POST /api/customers/login","module":"app","service":"customer-service","timestamp":"2025-03-19 21:20:18"}
{"level":"warn","message":"Message broker channel not available. Some functionality may be limited.","module":"app","service":"customer-service","timestamp":"2025-03-19 21:47:46"}
{"level":"warn","message":"Message broker channel not available. Event subscription skipped.","module":"app","service":"customer-service","timestamp":"2025-03-19 21:47:46"}
{"level":"info","message":"POST /api/customers/login","module":"app","service":"customer-service","timestamp":"2025-03-19 21:47:48"}
{"level":"info","message":"GET /api/customers/wishlist","module":"app","service":"customer-service","timestamp":"2025-03-19 21:49:39"}
{"level":"error","message":"Authentication error: Authorization header is required","module":"auth-middleware","service":"customer-service","timestamp":"2025-03-19 21:49:39"}
{"level":"info","message":"GET /api/customers/wishlist","module":"app","service":"customer-service","timestamp":"2025-03-19 21:50:56"}
{"level":"error","message":"Error validating token: jwt malformed","module":"token-utility","service":"customer-service","timestamp":"2025-03-19 21:50:56"}
{"level":"error","message":"Authentication error: Invalid token","module":"auth-middleware","service":"customer-service","timestamp":"2025-03-19 21:50:56"}
{"level":"info","message":"GET /api/customers/wishlist","module":"app","service":"customer-service","timestamp":"2025-03-19 21:51:09"}
{"level":"error","message":"Authentication error: Invalid token","module":"auth-middleware","service":"customer-service","timestamp":"2025-03-19 21:51:09"}
{"level":"error","message":"Error validating token: jwt malformed","module":"token-utility","service":"customer-service","timestamp":"2025-03-19 21:51:09"}
{"level":"info","message":"GET /api/customers/wishlist","module":"app","service":"customer-service","timestamp":"2025-03-19 21:51:27"}
{"level":"error","message":"Error validating token: jwt malformed","module":"token-utility","service":"customer-service","timestamp":"2025-03-19 21:51:27"}
{"level":"error","message":"Authentication error: Invalid token","module":"auth-middleware","service":"customer-service","timestamp":"2025-03-19 21:51:27"}
{"level":"info","message":"GET /api/customers/wishlist","module":"app","service":"customer-service","timestamp":"2025-03-19 21:51:33"}
{"level":"error","message":"Error validating token: jwt malformed","module":"token-utility","service":"customer-service","timestamp":"2025-03-19 21:51:33"}
{"level":"error","message":"Authentication error: Invalid token","module":"auth-middleware","service":"customer-service","timestamp":"2025-03-19 21:51:33"}
{"level":"info","message":"GET /api/customers/wishlist","module":"app","service":"customer-service","timestamp":"2025-03-19 21:52:47"}
{"level":"info","message":"Authenticated user: manjeet.singh@aiinfox.com","module":"auth-middleware","service":"customer-service","timestamp":"2025-03-19 21:52:47"}
{"level":"error","message":"Error finding customer by ID: Customer not found with ID: undefined","module":"customer-repository","service":"customer-service","timestamp":"2025-03-19 21:52:47"}
{"level":"error","message":"Error getting wishlist: Customer not found with ID: undefined","module":"customer-service","service":"customer-service","timestamp":"2025-03-19 21:52:47"}
{"level":"warn","message":"Message broker channel not available. Some functionality may be limited.","module":"app","service":"customer-service","timestamp":"2025-03-19 21:56:55"}
{"level":"warn","message":"Message broker channel not available. Event subscription skipped.","module":"app","service":"customer-service","timestamp":"2025-03-19 21:56:55"}
{"level":"info","message":"GET /api/customers/wishlist","module":"app","service":"customer-service","timestamp":"2025-03-19 21:57:00"}
{"level":"info","message":"Authenticated user ID: 67dae594ef5898e951ea23c3","module":"auth-middleware","service":"customer-service","timestamp":"2025-03-19 21:57:00"}
{"level":"info","message":"Getting wishlist for customer: 67dae594ef5898e951ea23c3","module":"customer-service","service":"customer-service","timestamp":"2025-03-19 21:57:00"}
{"level":"info","message":"POST /api/customers/wishlist","module":"app","service":"customer-service","timestamp":"2025-03-19 22:00:36"}
{"level":"error","message":"Authentication error: Token is required","module":"auth-middleware","service":"customer-service","timestamp":"2025-03-19 22:00:36"}
{"level":"info","message":"POST /api/customers/wishlist","module":"app","service":"customer-service","timestamp":"2025-03-19 22:01:00"}
{"level":"info","message":"Authenticated user ID: 67dae594ef5898e951ea23c3","module":"auth-middleware","service":"customer-service","timestamp":"2025-03-19 22:01:00"}
{"level":"error","message":"Error adding to wishlist: Cannot destructure property '_id' of 'undefined' as it is undefined.","module":"customer-service","service":"customer-service","timestamp":"2025-03-19 22:01:00"}
{"level":"info","message":"POST /api/customers/wishlist","module":"app","service":"customer-service","timestamp":"2025-03-19 22:01:12"}
{"level":"info","message":"Authenticated user ID: 67dae594ef5898e951ea23c3","module":"auth-middleware","service":"customer-service","timestamp":"2025-03-19 22:01:12"}
{"level":"error","message":"Error adding to wishlist: Cannot destructure property '_id' of 'undefined' as it is undefined.","module":"customer-service","service":"customer-service","timestamp":"2025-03-19 22:01:12"}
{"level":"info","message":"POST /api/customers/wishlist","module":"app","service":"customer-service","timestamp":"2025-03-19 22:01:22"}
{"level":"info","message":"Authenticated user ID: 67dae594ef5898e951ea23c3","module":"auth-middleware","service":"customer-service","timestamp":"2025-03-19 22:01:22"}
{"level":"error","message":"Error adding to wishlist: Cannot destructure property '_id' of 'undefined' as it is undefined.","module":"customer-service","service":"customer-service","timestamp":"2025-03-19 22:01:22"}
{"level":"warn","message":"Message broker channel not available. Some functionality may be limited.","module":"app","service":"customer-service","timestamp":"2025-03-19 22:06:46"}
{"level":"warn","message":"Message broker channel not available. Event subscription skipped.","module":"app","service":"customer-service","timestamp":"2025-03-19 22:06:46"}
{"level":"info","message":"GET /api/customers/wishlist","module":"app","service":"customer-service","timestamp":"2025-03-19 22:06:51"}
{"level":"info","message":"Authenticated user ID: 67dae594ef5898e951ea23c3","module":"auth-middleware","service":"customer-service","timestamp":"2025-03-19 22:06:51"}
{"level":"info","message":"Getting wishlist for customer: 67dae594ef5898e951ea23c3","module":"customer-service","service":"customer-service","timestamp":"2025-03-19 22:06:51"}
{"level":"info","message":"GET /api/customers/wishlist","module":"app","service":"customer-service","timestamp":"2025-03-19 22:06:53"}
{"level":"info","message":"Authenticated user ID: 67dae594ef5898e951ea23c3","module":"auth-middleware","service":"customer-service","timestamp":"2025-03-19 22:06:53"}
{"level":"info","message":"Getting wishlist for customer: 67dae594ef5898e951ea23c3","module":"customer-service","service":"customer-service","timestamp":"2025-03-19 22:06:53"}
{"level":"info","message":"POST /api/customers/wishlist","module":"app","service":"customer-service","timestamp":"2025-03-19 22:06:56"}
{"level":"info","message":"Authenticated user ID: 67dae594ef5898e951ea23c3","module":"auth-middleware","service":"customer-service","timestamp":"2025-03-19 22:06:56"}
{"level":"error","message":"Error adding to wishlist: Product details are required","module":"customer-service","service":"customer-service","timestamp":"2025-03-19 22:06:56"}
{"level":"info","message":"POST /api/customers/wishlist","module":"app","service":"customer-service","timestamp":"2025-03-19 22:08:49"}
{"level":"info","message":"Authenticated user ID: 67dae594ef5898e951ea23c3","module":"auth-middleware","service":"customer-service","timestamp":"2025-03-19 22:08:49"}
{"level":"error","message":"Error adding to wishlist: Product details are required","module":"customer-service","service":"customer-service","timestamp":"2025-03-19 22:08:49"}
{"level":"info","message":"POST /api/customers/wishlist","module":"app","service":"customer-service","timestamp":"2025-03-19 22:08:58"}
{"level":"info","message":"Authenticated user ID: 67dae594ef5898e951ea23c3","module":"auth-middleware","service":"customer-service","timestamp":"2025-03-19 22:08:58"}
{"level":"error","message":"Error adding product to wishlist: Cast to ObjectId failed for value \"1\" (type string) at path \"wishlist\" because of \"BSONTypeError\"","module":"customer-repository","service":"customer-service","timestamp":"2025-03-19 22:08:58"}
{"level":"error","message":"Error adding to wishlist: Cast to ObjectId failed for value \"1\" (type string) at path \"wishlist\" because of \"BSONTypeError\"","module":"customer-service","service":"customer-service","timestamp":"2025-03-19 22:08:58"}
{"level":"info","message":"POST /api/customers/wishlist","module":"app","service":"customer-service","timestamp":"2025-03-19 22:10:03"}
{"level":"info","message":"Authenticated user ID: 67dae594ef5898e951ea23c3","module":"auth-middleware","service":"customer-service","timestamp":"2025-03-19 22:10:03"}
{"level":"info","message":"POST /api/customers/wishlist","module":"app","service":"customer-service","timestamp":"2025-03-19 22:13:55"}
{"level":"info","message":"Authenticated user ID: 67dae594ef5898e951ea23c3","module":"auth-middleware","service":"customer-service","timestamp":"2025-03-19 22:13:55"}
{"level":"error","message":"Error adding to wishlist: Product details are required","module":"customer-service","service":"customer-service","timestamp":"2025-03-19 22:13:55"}
{"level":"info","message":"POST /api/customers/wishlist","module":"app","service":"customer-service","timestamp":"2025-03-19 22:14:11"}
{"level":"info","message":"Authenticated user ID: 67dae594ef5898e951ea23c3","module":"auth-middleware","service":"customer-service","timestamp":"2025-03-19 22:14:11"}
{"level":"info","message":"GET /api/customers/wishlist","module":"app","service":"customer-service","timestamp":"2025-03-19 22:15:00"}
{"level":"info","message":"Authenticated user ID: 67dae594ef5898e951ea23c3","module":"auth-middleware","service":"customer-service","timestamp":"2025-03-19 22:15:00"}
{"level":"info","message":"Getting wishlist for customer: 67dae594ef5898e951ea23c3","module":"customer-service","service":"customer-service","timestamp":"2025-03-19 22:15:00"}
{"level":"info","message":"POST /api/customers/wishlist","module":"app","service":"customer-service","timestamp":"2025-03-19 22:15:03"}
{"level":"info","message":"Authenticated user ID: 67dae594ef5898e951ea23c3","module":"auth-middleware","service":"customer-service","timestamp":"2025-03-19 22:15:03"}
{"level":"info","message":"GET /api/customers/wishlist","module":"app","service":"customer-service","timestamp":"2025-03-19 22:15:44"}
{"level":"info","message":"Authenticated user ID: 67dae594ef5898e951ea23c3","module":"auth-middleware","service":"customer-service","timestamp":"2025-03-19 22:15:44"}
{"level":"info","message":"Getting wishlist for customer: 67dae594ef5898e951ea23c3","module":"customer-service","service":"customer-service","timestamp":"2025-03-19 22:15:44"}
{"level":"info","message":"POST /api/customers/wishlist","module":"app","service":"customer-service","timestamp":"2025-03-19 22:16:41"}
{"level":"info","message":"Authenticated user ID: 67dae594ef5898e951ea23c3","module":"auth-middleware","service":"customer-service","timestamp":"2025-03-19 22:16:41"}
{"level":"info","message":"GET /api/customers/wishlist","module":"app","service":"customer-service","timestamp":"2025-03-19 22:16:45"}
{"level":"info","message":"Authenticated user ID: 67dae594ef5898e951ea23c3","module":"auth-middleware","service":"customer-service","timestamp":"2025-03-19 22:16:45"}
{"level":"info","message":"Getting wishlist for customer: 67dae594ef5898e951ea23c3","module":"customer-service","service":"customer-service","timestamp":"2025-03-19 22:16:45"}
{"level":"warn","message":"Message broker channel not available. Some functionality may be limited.","module":"app","service":"customer-service","timestamp":"2025-03-19 22:21:19"}
{"level":"warn","message":"Message broker channel not available. Event subscription skipped.","module":"app","service":"customer-service","timestamp":"2025-03-19 22:21:19"}
{"level":"info","message":"GET /api/customers/wishlist","module":"app","service":"customer-service","timestamp":"2025-03-19 22:21:28"}
{"level":"info","message":"Authenticated user ID: 67dae594ef5898e951ea23c3","module":"auth-middleware","service":"customer-service","timestamp":"2025-03-19 22:21:28"}
{"level":"info","message":"Getting wishlist for customer: 67dae594ef5898e951ea23c3","module":"customer-service","service":"customer-service","timestamp":"2025-03-19 22:21:28"}
{"level":"info","message":"POST /api/customers/wishlist","module":"app","service":"customer-service","timestamp":"2025-03-19 22:21:32"}
{"level":"info","message":"Authenticated user ID: 67dae594ef5898e951ea23c3","module":"auth-middleware","service":"customer-service","timestamp":"2025-03-19 22:21:32"}
{"level":"error","message":"Error adding to wishlist: Product with ID 67dae594ef5898e951ea23c5 not found","module":"customer-service","service":"customer-service","timestamp":"2025-03-19 22:21:32"}
{"level":"info","message":"POST /api/customers/wishlist","module":"app","service":"customer-service","timestamp":"2025-03-19 22:21:41"}
{"level":"info","message":"Authenticated user ID: 67dae594ef5898e951ea23c3","module":"auth-middleware","service":"customer-service","timestamp":"2025-03-19 22:21:41"}
{"level":"info","message":"GET /api/customers/wishlist","module":"app","service":"customer-service","timestamp":"2025-03-19 22:21:49"}
{"level":"info","message":"Authenticated user ID: 67dae594ef5898e951ea23c3","module":"auth-middleware","service":"customer-service","timestamp":"2025-03-19 22:21:49"}
{"level":"info","message":"Getting wishlist for customer: 67dae594ef5898e951ea23c3","module":"customer-service","service":"customer-service","timestamp":"2025-03-19 22:21:49"}
{"level":"warn","message":"Message broker channel not available. Some functionality may be limited.","module":"app","service":"customer-service","timestamp":"2025-03-19 22:24:16"}
{"level":"warn","message":"Message broker channel not available. Event subscription skipped.","module":"app","service":"customer-service","timestamp":"2025-03-19 22:24:16"}
{"level":"info","message":"GET /api/customers/wishlist","module":"app","service":"customer-service","timestamp":"2025-03-19 22:24:28"}
{"level":"info","message":"Authenticated user ID: 67dae594ef5898e951ea23c3","module":"auth-middleware","service":"customer-service","timestamp":"2025-03-19 22:24:28"}
{"level":"info","message":"Getting wishlist for customer: 67dae594ef5898e951ea23c3","module":"customer-service","service":"customer-service","timestamp":"2025-03-19 22:24:28"}
{"level":"info","message":"POST /api/customers/wishlist","module":"app","service":"customer-service","timestamp":"2025-03-19 22:24:30"}
{"level":"info","message":"Authenticated user ID: 67dae594ef5898e951ea23c3","module":"auth-middleware","service":"customer-service","timestamp":"2025-03-19 22:24:30"}
{"level":"info","message":"POST /api/customers/wishlist","module":"app","service":"customer-service","timestamp":"2025-03-19 22:24:38"}
{"level":"info","message":"Authenticated user ID: 67dae594ef5898e951ea23c3","module":"auth-middleware","service":"customer-service","timestamp":"2025-03-19 22:24:38"}
{"level":"error","message":"Error adding to wishlist: product validation failed: supplier: Product supplier is required, unit: Product unit is required, type: Product type is required, desc: Product description is required","module":"customer-service","service":"customer-service","timestamp":"2025-03-19 22:24:38"}
{"_message":"product validation failed","errors":{"desc":{"kind":"required","message":"Product description is required","name":"ValidatorError","path":"desc","properties":{"message":"Product description is required","path":"desc","type":"required"}},"supplier":{"kind":"required","message":"Product supplier is required","name":"ValidatorError","path":"supplier","properties":{"message":"Product supplier is required","path":"supplier","type":"required"}},"type":{"kind":"required","message":"Product type is required","name":"ValidatorError","path":"type","properties":{"message":"Product type is required","path":"type","type":"required"}},"unit":{"kind":"required","message":"Product unit is required","name":"ValidatorError","path":"unit","properties":{"message":"Product unit is required","path":"unit","type":"required"}}},"level":"error","message":"product validation failed: supplier: Product supplier is required, unit: Product unit is required, type: Product type is required, desc: Product description is required","module":"error-handler","service":"customer-service","status":"error","statusCode":500,"timestamp":"2025-03-19 22:24:38"}
{"level":"warn","message":"Message broker channel not available. Some functionality may be limited.","module":"app","service":"customer-service","timestamp":"2025-03-19 22:27:45"}
{"level":"warn","message":"Message broker channel not available. Event subscription skipped.","module":"app","service":"customer-service","timestamp":"2025-03-19 22:27:45"}
{"level":"warn","message":"Message broker channel not available. Some functionality may be limited.","module":"app","service":"customer-service","timestamp":"2025-03-19 22:29:47"}
{"level":"warn","message":"Message broker channel not available. Event subscription skipped.","module":"app","service":"customer-service","timestamp":"2025-03-19 22:29:47"}
{"level":"info","message":"POST /api/customers/wishlist","module":"app","service":"customer-service","timestamp":"2025-03-19 22:29:51"}
{"level":"info","message":"Authenticated user ID: 67dae594ef5898e951ea23c3","module":"auth-middleware","service":"customer-service","timestamp":"2025-03-19 22:29:51"}
{"level":"info","message":"GET /api/customers/wishlist","module":"app","service":"customer-service","timestamp":"2025-03-19 22:29:57"}
{"level":"info","message":"Authenticated user ID: 67dae594ef5898e951ea23c3","module":"auth-middleware","service":"customer-service","timestamp":"2025-03-19 22:29:57"}
{"level":"info","message":"Getting wishlist for customer: 67dae594ef5898e951ea23c3","module":"customer-service","service":"customer-service","timestamp":"2025-03-19 22:29:57"}
{"level":"info","message":"DELETE /api/customers/wishlist/67daf8070da21fb4b034f81f","module":"app","service":"customer-service","timestamp":"2025-03-19 22:33:47"}
{"level":"info","message":"Authenticated user ID: 67dae594ef5898e951ea23c3","module":"auth-middleware","service":"customer-service","timestamp":"2025-03-19 22:33:47"}
{"level":"error","message":"Error removing from wishlist: this.repository.RemoveWishlistItem is not a function","module":"customer-service","service":"customer-service","timestamp":"2025-03-19 22:33:47"}
{"level":"info","message":"DELETE /api/customers/wishlist/67daf8070da21fb4b034f81f","module":"app","service":"customer-service","timestamp":"2025-03-19 22:34:05"}
{"level":"info","message":"Authenticated user ID: 67dae594ef5898e951ea23c3","module":"auth-middleware","service":"customer-service","timestamp":"2025-03-19 22:34:05"}
{"level":"error","message":"Error removing from wishlist: this.repository.RemoveWishlistItem is not a function","module":"customer-service","service":"customer-service","timestamp":"2025-03-19 22:34:05"}
{"level":"warn","message":"Message broker channel not available. Some functionality may be limited.","module":"app","service":"customer-service","timestamp":"2025-03-19 22:37:00"}
{"level":"warn","message":"Message broker channel not available. Event subscription skipped.","module":"app","service":"customer-service","timestamp":"2025-03-19 22:37:00"}
{"level":"info","message":"GET /api/customers/wishlist","module":"app","service":"customer-service","timestamp":"2025-03-19 22:37:06"}
{"level":"info","message":"Authenticated user ID: 67dae594ef5898e951ea23c3","module":"auth-middleware","service":"customer-service","timestamp":"2025-03-19 22:37:06"}
{"level":"info","message":"Getting wishlist for customer: 67dae594ef5898e951ea23c3","module":"customer-service","service":"customer-service","timestamp":"2025-03-19 22:37:06"}
{"level":"info","message":"DELETE /api/customers/wishlist/67daf8070da21fb4b034f81f","module":"app","service":"customer-service","timestamp":"2025-03-19 22:37:11"}
{"level":"info","message":"Authenticated user ID: 67dae594ef5898e951ea23c3","module":"auth-middleware","service":"customer-service","timestamp":"2025-03-19 22:37:11"}
{"level":"info","message":"GET /api/customers/wishlist","module":"app","service":"customer-service","timestamp":"2025-03-19 22:37:14"}
{"level":"info","message":"Authenticated user ID: 67dae594ef5898e951ea23c3","module":"auth-middleware","service":"customer-service","timestamp":"2025-03-19 22:37:14"}
{"level":"info","message":"Getting wishlist for customer: 67dae594ef5898e951ea23c3","module":"customer-service","service":"customer-service","timestamp":"2025-03-19 22:37:14"}
{"level":"info","message":"POST /api/customers/wishlist","module":"app","service":"customer-service","timestamp":"2025-03-19 22:37:17"}
{"level":"info","message":"Authenticated user ID: 67dae594ef5898e951ea23c3","module":"auth-middleware","service":"customer-service","timestamp":"2025-03-19 22:37:17"}
{"level":"info","message":"GET /api/customers/wishlist","module":"app","service":"customer-service","timestamp":"2025-03-19 22:37:21"}
{"level":"info","message":"Authenticated user ID: 67dae594ef5898e951ea23c3","module":"auth-middleware","service":"customer-service","timestamp":"2025-03-19 22:37:21"}
{"level":"info","message":"Getting wishlist for customer: 67dae594ef5898e951ea23c3","module":"customer-service","service":"customer-service","timestamp":"2025-03-19 22:37:21"}
{"level":"info","message":"DELETE /api/customers/wishlist/67daf8070da21fb4b034f81f","module":"app","service":"customer-service","timestamp":"2025-03-19 22:37:24"}
{"level":"info","message":"Authenticated user ID: 67dae594ef5898e951ea23c3","module":"auth-middleware","service":"customer-service","timestamp":"2025-03-19 22:37:24"}
{"level":"warn","message":"Message broker channel not available. Some functionality may be limited.","module":"app","service":"customer-service","timestamp":"2025-03-19 22:40:24"}
{"level":"warn","message":"Message broker channel not available. Event subscription skipped.","module":"app","service":"customer-service","timestamp":"2025-03-19 22:40:24"}
{"level":"info","message":"GET /api/customers/cart","module":"app","service":"customer-service","timestamp":"2025-03-19 22:41:26"}
{"level":"error","message":"Authentication error: Authorization header is required","module":"auth-middleware","service":"customer-service","timestamp":"2025-03-19 22:41:26"}
{"level":"info","message":"GET /api/customers/cart","module":"app","service":"customer-service","timestamp":"2025-03-19 22:41:48"}
{"level":"info","message":"Authenticated user ID: 67dae594ef5898e951ea23c3","module":"auth-middleware","service":"customer-service","timestamp":"2025-03-19 22:41:48"}
{"level":"info","message":"Getting cart for customer: 67dae594ef5898e951ea23c3","module":"customer-service","service":"customer-service","timestamp":"2025-03-19 22:41:48"}
{"level":"info","message":"POST /api/customers/cart","module":"app","service":"customer-service","timestamp":"2025-03-19 22:42:32"}
{"level":"info","message":"Authenticated user ID: 67dae594ef5898e951ea23c3","module":"auth-middleware","service":"customer-service","timestamp":"2025-03-19 22:42:32"}
{"level":"info","message":"POST /api/customers/cart","module":"app","service":"customer-service","timestamp":"2025-03-19 22:42:55"}
{"level":"info","message":"Authenticated user ID: 67dae594ef5898e951ea23c3","module":"auth-middleware","service":"customer-service","timestamp":"2025-03-19 22:42:55"}
{"level":"info","message":"GET /api/customers/cart","module":"app","service":"customer-service","timestamp":"2025-03-19 22:43:17"}
{"level":"info","message":"Authenticated user ID: 67dae594ef5898e951ea23c3","module":"auth-middleware","service":"customer-service","timestamp":"2025-03-19 22:43:17"}
{"level":"info","message":"Getting cart for customer: 67dae594ef5898e951ea23c3","module":"customer-service","service":"customer-service","timestamp":"2025-03-19 22:43:17"}
{"level":"info","message":"DELETE /api/customers/cart/67dafb18e55a93f24ae77646","module":"app","service":"customer-service","timestamp":"2025-03-19 22:44:19"}
{"level":"info","message":"Authenticated user ID: 67dae594ef5898e951ea23c3","module":"auth-middleware","service":"customer-service","timestamp":"2025-03-19 22:44:19"}
