2025-03-23 17:52:19 [[31merror[39m]: [message-broker] Error creating message broker channel: getaddrinfo ENOTFOUND rabbitmq{"metadata":{}}
2025-03-23 17:52:35 [[31merror[39m]: [error-handler] ERROR 💥: Route /api/payment/process not found{"metadata":{"statusCode":404,"status":"error"}}
2025-03-23 17:55:26 [[31merror[39m]: [token-utils] Error validating token: invalid signature{"metadata":{}}
2025-03-23 17:55:26 [[31merror[39m]: [auth-middleware] Authentication error: Invalid token{"metadata":{}}
2025-03-23 17:56:32 [[31merror[39m]: [token-utils] Error validating token: invalid signature{"metadata":{}}
2025-03-23 17:56:32 [[31merror[39m]: [auth-middleware] Authentication error: Invalid token{"metadata":{}}
2025-03-23 17:57:01 [[31merror[39m]: [error-handler] ERROR 💥: Route /api/customers/login not found{"metadata":{"statusCode":404,"status":"error"}}
2025-03-23 17:57:51 [[31merror[39m]: [message-broker] Error creating message broker channel: getaddrinfo ENOTFOUND rabbitmq{"metadata":{}}
2025-03-23 17:57:57 [[31merror[39m]: [token-utils] Error validating token: invalid signature{"metadata":{}}
2025-03-23 17:57:57 [[31merror[39m]: [auth-middleware] Authentication error: Invalid token{"metadata":{}}
2025-03-23 17:59:11 [[31merror[39m]: [message-broker] Error creating message broker channel: getaddrinfo ENOTFOUND rabbitmq{"metadata":{}}
2025-03-23 17:59:15 [[31merror[39m]: [token-utils] Error validating token: invalid signature{"metadata":{}}
2025-03-23 17:59:15 [[31merror[39m]: [auth-middleware] Authentication error: Invalid token{"metadata":{}}
2025-03-23 17:59:17 [[31merror[39m]: [token-utils] Error validating token: invalid signature{"metadata":{}}
2025-03-23 17:59:17 [[31merror[39m]: [auth-middleware] Authentication error: Invalid token{"metadata":{}}
2025-03-23 17:59:52 [[31merror[39m]: [message-broker] Error creating message broker channel: getaddrinfo ENOTFOUND rabbitmq{"metadata":{}}
2025-03-23 18:00:00 [[31merror[39m]: [token-utils] Error validating token: invalid signature{"metadata":{}}
2025-03-23 18:00:00 [[31merror[39m]: [auth-middleware] Authentication error: Invalid token{"metadata":{}}
2025-03-23 18:00:15 [[31merror[39m]: [payment-service] Stripe payment error: Invalid API Key provided: your_str**********_key{"metadata":{}}
2025-03-23 18:00:15 [[31merror[39m]: [payment-service] Error processing payment: Credit card payment failed: Invalid API Key provided: your_str**********_key{"metadata":{}}
2025-03-23 18:01:00 [[31merror[39m]: [message-broker] Error creating message broker channel: getaddrinfo ENOTFOUND rabbitmq{"metadata":{}}
2025-03-23 18:01:25 [[31merror[39m]: [payment-service] Error processing payment: Payment is not defined{"metadata":{}}
2025-03-23 18:02:07 [[31merror[39m]: [message-broker] Error creating message broker channel: getaddrinfo ENOTFOUND rabbitmq{"metadata":{}}
2025-03-23 18:04:14 [[31merror[39m]: [message-broker] Error creating message broker channel: getaddrinfo ENOTFOUND rabbitmq{"metadata":{}}
2025-03-23 18:35:42 [[31merror[39m]: [message-broker] Error creating message broker channel: getaddrinfo ENOTFOUND rabbitmq{"metadata":{}}
2025-03-23 18:35:56 [[31merror[39m]: [error-handler] ERROR 💥: Route /api/payments not found{"metadata":{"statusCode":404,"status":"error"}}
