{"level":"info","message":"GET /health","service":"products-service","timestamp":"2025-02-25T18:02:37.553Z"}
{"level":"info","message":"GET /health","service":"products-service","timestamp":"2025-02-25T18:02:38.310Z"}
{"level":"info","message":"GET /health","service":"products-service","timestamp":"2025-02-25T18:04:08.238Z"}
{"level":"info","message":"GET /health","service":"products-service","timestamp":"2025-02-25T18:04:08.830Z"}
{"level":"info","message":"GET /health","service":"products-service","timestamp":"2025-02-25T18:04:10.328Z"}
{"level":"info","message":"GET /health","service":"products-service","timestamp":"2025-02-25T18:05:01.701Z"}
{"level":"info","message":"GET /health","service":"products-service","timestamp":"2025-02-25T18:05:03.710Z"}
{"level":"info","message":"GET /health","service":"products-service","timestamp":"2025-02-25T18:05:52.572Z"}
{"level":"info","message":"GET /health","service":"products-service","timestamp":"2025-02-25T18:05:54.740Z"}
{"level":"info","message":"GET /health","service":"products-service","timestamp":"2025-02-25T18:05:54.986Z"}
{"level":"info","message":"GET /health","service":"products-service","timestamp":"2025-02-25T18:05:55.140Z"}
{"level":"info","message":"GET /health","service":"products-service","timestamp":"2025-02-25T18:05:55.296Z"}
{"level":"info","message":"GET /health","service":"products-service","timestamp":"2025-02-25T18:05:55.463Z"}
{"level":"info","message":"GET /health","service":"products-service","timestamp":"2025-02-25T18:06:33.494Z"}
{"level":"info","message":"GET /health","service":"products-service","timestamp":"2025-02-25T18:09:02.514Z"}
{"level":"info","message":"GET /health","service":"products-service","timestamp":"2025-02-25T18:09:05.533Z"}
{"level":"info","message":"GET /health","service":"products-service","timestamp":"2025-02-25T18:22:36.129Z"}
{"level":"info","message":"GET /","service":"products-service","timestamp":"2025-02-25T18:22:55.294Z"}
{"level":"info","message":"GET /favicon.ico","service":"products-service","timestamp":"2025-02-25T18:22:55.364Z"}
{"level":"info","message":"GET /","service":"products-service","timestamp":"2025-02-25T18:23:14.945Z"}
{"level":"info","message":"GET /health","service":"products-service","timestamp":"2025-02-25T18:23:19.014Z"}
{"level":"info","message":"GET /api","service":"products-service","timestamp":"2025-02-25T19:15:26.860Z"}
{"level":"info","message":"GET /api/health","service":"products-service","timestamp":"2025-02-25T19:15:46.759Z"}
{"level":"info","message":"GET /health","service":"products-service","timestamp":"2025-02-25T19:15:50.197Z"}
{"level":"info","message":"GET /api","service":"products-service","timestamp":"2025-02-25T19:16:17.756Z"}
{"level":"info","message":"GET /api","service":"products-service","timestamp":"2025-02-25T19:17:17.409Z"}
{"level":"info","message":"GET /api","service":"products-service","timestamp":"2025-02-25T19:17:19.322Z"}
{"level":"info","message":"GET /","service":"products-service","timestamp":"2025-02-25T19:17:51.190Z"}
{"level":"info","message":"GET /health","service":"products-service","timestamp":"2025-02-25T19:18:00.524Z"}
{"level":"info","message":"GET /","service":"products-service","timestamp":"2025-02-25T19:18:13.283Z"}
{"level":"info","message":"GET /api","service":"products-service","timestamp":"2025-02-25T19:18:38.288Z"}
{"level":"info","message":"GET /","service":"products-service","timestamp":"2025-02-25T19:18:51.825Z"}
{"level":"info","message":"GET /api","service":"products-service","timestamp":"2025-02-25T19:19:13.081Z"}
{"level":"info","message":"GET /api","service":"products-service","timestamp":"2025-02-25T19:19:16.461Z"}
{"level":"info","message":"GET /health","service":"products-service","timestamp":"2025-02-25T19:19:21.234Z"}
{"level":"info","message":"GET /","service":"products-service","timestamp":"2025-02-25T19:20:42.905Z"}
{"level":"info","message":"GET /health","service":"products-service","timestamp":"2025-02-25T19:20:45.451Z"}
{"level":"info","message":"GET /api","service":"products-service","timestamp":"2025-02-25T19:20:48.459Z"}
{"level":"info","message":"GET /api","service":"products-service","timestamp":"2025-02-25T19:20:48.997Z"}
{"level":"info","message":"GET /api","service":"products-service","timestamp":"2025-02-25T19:20:53.851Z"}
{"level":"info","message":"GET /api","service":"products-service","timestamp":"2025-02-25T19:20:54.232Z"}
{"level":"info","message":"GET /api","service":"products-service","timestamp":"2025-02-25T19:20:54.367Z"}
{"level":"info","message":"GET /api","service":"products-service","timestamp":"2025-02-25T19:20:54.575Z"}
{"level":"info","message":"GET /api/health","service":"products-service","timestamp":"2025-02-25T19:20:58.450Z"}
{"level":"info","message":"GET /","service":"products-service","timestamp":"2025-02-25T19:21:07.487Z"}
{"level":"info","message":"GET /","service":"products-service","timestamp":"2025-02-25T19:22:34.330Z"}
{"level":"info","message":"GET /api","service":"products-service","timestamp":"2025-02-25T19:22:37.087Z"}
{"level":"info","message":"GET /api","service":"products-service","timestamp":"2025-02-25T19:22:37.488Z"}
{"level":"info","message":"GET /","service":"products-service","timestamp":"2025-02-25T19:27:59.545Z"}
{"level":"info","message":"GET /health","service":"products-service","timestamp":"2025-02-25T19:28:05.422Z"}
{"level":"info","message":"GET /health","service":"products-service","timestamp":"2025-02-25T19:28:29.840Z"}
