{"level":"info","message":"GET /health","service":"tenant-service","timestamp":"2025-02-25T17:57:11.888Z"}
{"level":"info","message":"GET /health","service":"tenant-service","timestamp":"2025-02-25T18:02:33.264Z"}
{"level":"info","message":"GET /health","service":"tenant-service","timestamp":"2025-02-25T18:09:20.547Z"}
{"level":"info","message":"GET /health","service":"tenant-service","timestamp":"2025-02-25T18:22:25.919Z"}
{"level":"info","message":"GET /health","service":"tenant-service","timestamp":"2025-02-25T19:48:06.900Z"}
{"level":"info","message":"GET /health","service":"tenant-service","timestamp":"2025-02-25T19:57:21.751Z"}
{"level":"info","message":"GET /health","service":"tenant-service","timestamp":"2025-02-25T20:04:11.584Z"}
{"level":"info","message":"GET /health","service":"tenant-service","timestamp":"2025-02-25T20:04:12.970Z"}
{"level":"info","message":"GET /health","service":"tenant-service","timestamp":"2025-02-25T20:36:56.990Z"}
{"level":"info","message":"GET /health","service":"tenant-service","timestamp":"2025-02-25T21:04:54.881Z"}
{"level":"info","message":"GET /health","service":"tenant-service","timestamp":"2025-02-25T22:18:59.339Z"}
{"level":"info","message":"GET /health","service":"tenant-service","timestamp":"2025-02-25T22:20:08.073Z"}
{"level":"info","message":"GET /health","service":"tenant-service","timestamp":"2025-02-25T22:20:52.248Z"}
{"level":"info","message":"GET /health","service":"tenant-service","timestamp":"2025-02-25T22:27:02.107Z"}
{"level":"info","message":"GET /health","service":"tenant-service","timestamp":"2025-02-25T22:27:32.651Z"}
{"level":"info","message":"GET /health","service":"tenant-service","timestamp":"2025-02-25T22:27:32.916Z"}
{"level":"info","message":"GET /health","service":"tenant-service","timestamp":"2025-02-25T22:30:10.721Z"}
{"level":"info","message":"GET /health","service":"tenant-service","timestamp":"2025-02-25T22:30:11.158Z"}
{"level":"info","message":"GET /health","service":"tenant-service","timestamp":"2025-02-25T22:30:11.431Z"}
{"level":"info","message":"GET /health","service":"tenant-service","timestamp":"2025-02-25T22:30:11.713Z"}
{"level":"info","message":"GET /health","service":"tenant-service","timestamp":"2025-02-25T22:41:46.620Z"}
{"level":"info","message":"GET /api/tenant","service":"tenant-service","timestamp":"2025-02-25T22:48:05.170Z"}
{"level":"info","message":"GET /api/tenant","service":"tenant-service","timestamp":"2025-02-25T22:52:26.206Z"}
{"level":"info","message":"GET /api/tenant","service":"tenant-service","timestamp":"2025-02-25T22:52:27.026Z"}
{"level":"info","message":"GET /api/tenant","service":"tenant-service","timestamp":"2025-02-25T22:52:27.410Z"}
{"level":"info","message":"GET /api/tenant","service":"tenant-service","timestamp":"2025-02-25T22:52:28.935Z"}
{"level":"info","message":"GET /api/tenant","service":"tenant-service","timestamp":"2025-02-25T22:52:37.850Z"}
{"level":"info","message":"GET /api/tenant","service":"tenant-service","timestamp":"2025-02-25T22:52:42.602Z"}
{"level":"info","message":"GET /api/tenant","service":"tenant-service","timestamp":"2025-02-25T22:52:53.702Z"}
{"level":"info","message":"GET /api/tenant","service":"tenant-service","timestamp":"2025-02-25T22:53:16.509Z"}
{"level":"info","message":"GET /api/tenant","service":"tenant-service","timestamp":"2025-02-25T22:53:16.896Z"}
{"level":"info","message":"GET /api/tenant","service":"tenant-service","timestamp":"2025-02-25T22:53:17.132Z"}
{"level":"info","message":"GET /api/tenant","service":"tenant-service","timestamp":"2025-02-25T22:56:34.142Z"}
{"level":"info","message":"Message broker channel created successfully","service":"tenant-service","timestamp":"2025-02-25T23:03:00.911Z"}
{"level":"info","message":"GET /api/tenant","service":"tenant-service","timestamp":"2025-02-25T23:03:01.531Z"}
{"level":"info","message":"GET /api/tenant","service":"tenant-service","timestamp":"2025-02-25T23:03:13.451Z"}
{"level":"info","message":"GET /api/tenant","service":"tenant-service","timestamp":"2025-02-25T23:03:13.629Z"}
{"level":"info","message":"GET /api/tenant","service":"tenant-service","timestamp":"2025-02-25T23:03:13.839Z"}
{"level":"info","message":"GET /api/tenant","service":"tenant-service","timestamp":"2025-02-25T23:03:14.061Z"}
{"level":"info","message":"Message broker channel created successfully","service":"tenant-service","timestamp":"2025-02-25T23:06:21.662Z"}
{"level":"info","message":"Message broker channel created successfully","service":"tenant-service","timestamp":"2025-02-25T23:08:41.881Z"}
{"level":"info","message":"Message broker channel created successfully","service":"tenant-service","timestamp":"2025-02-25T23:11:52.735Z"}
{"level":"info","message":"Message broker channel created successfully","service":"tenant-service","timestamp":"2025-02-25T23:13:26.918Z"}
{"level":"info","message":"Message broker channel created successfully","service":"tenant-service","timestamp":"2025-02-25T23:15:21.576Z"}
{"level":"info","message":"Message broker channel created successfully","service":"tenant-service","timestamp":"2025-02-25T23:17:20.041Z"}
{"level":"info","message":"Message broker channel created successfully","service":"tenant-service","timestamp":"2025-02-25T23:19:04.459Z"}
{"level":"info","message":"Message broker channel created successfully","service":"tenant-service","timestamp":"2025-02-25T23:20:41.544Z"}
{"level":"info","message":"Message broker channel created successfully","service":"tenant-service","timestamp":"2025-02-25T23:23:22.769Z"}
{"level":"info","message":"Message broker channel created successfully","service":"tenant-service","timestamp":"2025-02-25T23:27:30.645Z"}
{"level":"info","message":"Message broker channel created successfully","service":"tenant-service","timestamp":"2025-02-25T23:31:25.496Z"}
2025-02-25 23:36:19 [[32minfo[39m]: Message broker channel created successfully{"metadata":{}}
2025-02-25 23:36:54 [[32minfo[39m]: Message broker channel created successfully{"metadata":{}}
2025-02-25 23:36:59 [[32minfo[39m]: GET /api/tenant{"metadata":{}}
2025-02-26 04:46:26 [[32minfo[39m]: Message broker channel created successfully{"metadata":{}}
2025-02-26 04:46:29 [[32minfo[39m]: GET /api/tenant{"metadata":{}}
2025-02-26 04:47:32 [[32minfo[39m]: GET /api/tenant{"metadata":{}}
2025-02-26 04:49:35 [[32minfo[39m]: Message broker channel created successfully{"metadata":{}}
