{"level":"info","message":"GET /health","service":"shopping-service","timestamp":"2025-02-25T18:02:28.009Z"}
{"level":"info","message":"GET /health","service":"shopping-service","timestamp":"2025-02-25T18:09:14.198Z"}
{"level":"info","message":"GET /health","service":"shopping-service","timestamp":"2025-02-25T18:22:30.084Z"}
{"level":"info","message":"GET /health","service":"shopping-service","timestamp":"2025-02-25T19:28:39.596Z"}
{"level":"info","message":"GET /health","service":"shopping-service","timestamp":"2025-02-25T19:48:12.878Z"}
{"level":"info","message":"GET /health","module":"app","service":"shopping-service","timestamp":"2025-02-25 19:57:19"}
{"level":"info","message":"GET /health","module":"app","service":"shopping-service","timestamp":"2025-02-25 20:04:20"}
{"level":"info","message":"GET /health","module":"app","service":"shopping-service","timestamp":"2025-02-25 21:04:51"}
{"level":"info","message":"GET /","module":"app","service":"shopping-service","timestamp":"2025-02-25 21:33:05"}
{"level":"info","message":"GET /health","module":"app","service":"shopping-service","timestamp":"2025-02-25 21:33:08"}
{"level":"info","message":"GET /health","module":"app","service":"shopping-service","timestamp":"2025-02-25 21:33:23"}
{"level":"info","message":"GET /health","module":"app","service":"shopping-service","timestamp":"2025-02-25 21:37:45"}
{"level":"info","message":"GET /health","module":"app","service":"shopping-service","timestamp":"2025-02-25 21:40:42"}
{"level":"info","message":"GET /health","module":"app","service":"shopping-service","timestamp":"2025-02-25 21:43:15"}
{"level":"info","message":"GET /health","module":"app","service":"shopping-service","timestamp":"2025-02-25 21:43:15"}
{"level":"info","message":"GET /health","module":"app","service":"shopping-service","timestamp":"2025-02-25 21:43:15"}
{"level":"info","message":"GET /health","module":"app","service":"shopping-service","timestamp":"2025-02-25 21:43:16"}
{"level":"info","message":"GET /health","module":"app","service":"shopping-service","timestamp":"2025-02-25 21:43:16"}
{"level":"info","message":"GET /health","module":"app","service":"shopping-service","timestamp":"2025-02-25 21:46:00"}
{"level":"info","message":"GET /health","module":"app","service":"shopping-service","timestamp":"2025-02-25 21:46:25"}
{"level":"info","message":"GET /health","module":"app","service":"shopping-service","timestamp":"2025-02-25 21:48:30"}
{"level":"info","message":"GET /health","module":"app","service":"shopping-service","timestamp":"2025-02-25 21:48:30"}
{"level":"info","message":"GET /health","module":"app","service":"shopping-service","timestamp":"2025-02-25 21:48:30"}
{"level":"info","message":"GET /health","module":"app","service":"shopping-service","timestamp":"2025-02-25 21:48:33"}
{"level":"info","message":"GET /health","module":"app","service":"shopping-service","timestamp":"2025-02-25 21:48:34"}
{"level":"info","message":"GET /health","module":"app","service":"shopping-service","timestamp":"2025-02-25 21:48:55"}
{"level":"info","message":"GET /health","module":"app","service":"shopping-service","timestamp":"2025-02-25 22:20:46"}
{"level":"info","message":"GET /health","module":"app","service":"shopping-service","timestamp":"2025-02-25 22:27:03"}
{"level":"info","message":"GET /health","module":"app","service":"shopping-service","timestamp":"2025-02-25 22:27:30"}
{"level":"info","message":"GET /health","module":"app","service":"shopping-service","timestamp":"2025-02-25 22:30:08"}
{"level":"info","message":"GET /health","module":"app","service":"shopping-service","timestamp":"2025-02-25 22:30:08"}
{"level":"info","message":"GET /health","module":"app","service":"shopping-service","timestamp":"2025-02-25 22:41:48"}
{"level":"info","message":"GET /api/shopping","module":"app","service":"shopping-service","timestamp":"2025-02-25 22:43:58"}
{"level":"info","message":"GET /api/shopping","module":"app","service":"shopping-service","timestamp":"2025-02-25 23:23:50"}
{"level":"info","message":"GET /api/shopping","module":"app","service":"shopping-service","timestamp":"2025-02-25 23:26:05"}
{"level":"info","message":"Message broker channel created successfully","module":"app","service":"shopping-service","timestamp":"2025-02-25 23:31:25"}
{"level":"info","message":"GET /api/shopping","module":"app","service":"shopping-service","timestamp":"2025-02-25 23:31:29"}
{"level":"info","message":"Message broker channel created successfully","module":"app","service":"shopping-service","timestamp":"2025-02-25 23:34:47"}
{"level":"info","message":"Message broker channel created successfully","module":"app","service":"shopping-service","timestamp":"2025-02-25 23:36:54"}
