2025-02-26 05:44:21 [[31merror[39m]: [message-broker] Error subscribing to messages: PAYMENT_SERVICE is not defined{"metadata":{}}
2025-02-26 05:44:21 [[31merror[39m]: [message-broker] Error subscribing to messages: PAYMENT_SERVICE is not defined{"metadata":{}}
2025-02-26 05:44:22 [[31merror[39m]: [message-broker] Error subscribing to messages: PAYMENT_SERVICE is not defined{"metadata":{}}
2025-02-26 05:44:23 [[31merror[39m]: [message-broker] Error subscribing to messages: PAYMENT_SERVICE is not defined{"metadata":{}}
2025-02-26 05:44:25 [[31merror[39m]: [message-broker] Error subscribing to messages: PAYMENT_SERVICE is not defined{"metadata":{}}
2025-02-26 05:44:27 [[31merror[39m]: [message-broker] Error subscribing to messages: PAYMENT_SERVICE is not defined{"metadata":{}}
2025-02-26 05:44:31 [[31merror[39m]: [message-broker] Error subscribing to messages: PAYMENT_SERVICE is not defined{"metadata":{}}
2025-02-26 05:44:38 [[31merror[39m]: [message-broker] Error subscribing to messages: PAYMENT_SERVICE is not defined{"metadata":{}}
2025-02-26 05:44:51 [[31merror[39m]: [message-broker] Error subscribing to messages: PAYMENT_SERVICE is not defined{"metadata":{}}
2025-02-26 05:45:18 [[31merror[39m]: [message-broker] Error subscribing to messages: PAYMENT_SERVICE is not defined{"metadata":{}}
2025-02-26 05:50:52 [[31merror[39m]: [error-handler] ERROR 💥: Route / not found{"metadata":{"statusCode":404,"status":"error"}}
2025-02-26 05:50:53 [[31merror[39m]: [error-handler] ERROR 💥: Route /favicon.ico not found{"metadata":{"statusCode":404,"status":"error"}}
2025-02-26 06:20:50 [[31merror[39m]: [error-handler] ERROR 💥: Route / not found{"metadata":{"statusCode":404,"status":"error"}}
2025-02-26 06:20:51 [[31merror[39m]: [error-handler] ERROR 💥: Route /favicon.ico not found{"metadata":{"statusCode":404,"status":"error"}}
2025-02-26 06:20:56 [[31merror[39m]: [error-handler] ERROR 💥: Route / not found{"metadata":{"statusCode":404,"status":"error"}}
2025-02-26 06:20:56 [[31merror[39m]: [error-handler] ERROR 💥: Route /favicon.ico not found{"metadata":{"statusCode":404,"status":"error"}}
2025-02-27 20:04:02 [[31merror[39m]: [database] Error connecting to database: getaddrinfo ENOTFOUND nosql-db{"metadata":{}}
2025-02-27 20:04:33 [[31merror[39m]: [database] Error connecting to database: getaddrinfo ENOTFOUND nosql-db{"metadata":{}}
2025-02-27 20:05:04 [[31merror[39m]: [database] Error connecting to database: getaddrinfo ENOTFOUND nosql-db{"metadata":{}}
2025-02-27 20:05:35 [[31merror[39m]: [database] Error connecting to database: getaddrinfo ENOTFOUND nosql-db{"metadata":{}}
2025-02-27 20:06:07 [[31merror[39m]: [database] Error connecting to database: getaddrinfo ENOTFOUND nosql-db{"metadata":{}}
2025-02-27 20:06:38 [[31merror[39m]: [database] Error connecting to database: getaddrinfo ENOTFOUND nosql-db{"metadata":{}}
2025-02-27 20:07:09 [[31merror[39m]: [database] Error connecting to database: getaddrinfo ENOTFOUND nosql-db{"metadata":{}}
2025-02-27 20:07:40 [[31merror[39m]: [database] Error connecting to database: getaddrinfo ENOTFOUND nosql-db{"metadata":{}}
2025-02-27 20:08:11 [[31merror[39m]: [database] Error connecting to database: getaddrinfo ENOTFOUND nosql-db{"metadata":{}}
2025-02-27 20:08:42 [[31merror[39m]: [database] Error connecting to database: getaddrinfo ENOTFOUND nosql-db{"metadata":{}}
2025-02-27 20:09:13 [[31merror[39m]: [database] Error connecting to database: getaddrinfo ENOTFOUND nosql-db{"metadata":{}}
2025-02-27 20:09:44 [[31merror[39m]: [database] Error connecting to database: getaddrinfo ENOTFOUND nosql-db{"metadata":{}}
2025-02-27 20:10:15 [[31merror[39m]: [database] Error connecting to database: getaddrinfo ENOTFOUND nosql-db{"metadata":{}}
2025-02-27 20:10:46 [[31merror[39m]: [database] Error connecting to database: getaddrinfo ENOTFOUND nosql-db{"metadata":{}}
2025-02-27 20:11:18 [[31merror[39m]: [database] Error connecting to database: getaddrinfo ENOTFOUND nosql-db{"metadata":{}}
2025-02-27 20:11:48 [[31merror[39m]: [database] Error connecting to database: getaddrinfo ENOTFOUND nosql-db{"metadata":{}}
2025-02-27 20:12:20 [[31merror[39m]: [database] Error connecting to database: getaddrinfo ENOTFOUND nosql-db{"metadata":{}}
2025-02-27 20:12:52 [[31merror[39m]: [database] Error connecting to database: getaddrinfo ENOTFOUND nosql-db{"metadata":{}}
2025-02-27 20:13:23 [[31merror[39m]: [database] Error connecting to database: getaddrinfo ENOTFOUND nosql-db{"metadata":{}}
2025-02-27 20:13:54 [[31merror[39m]: [database] Error connecting to database: getaddrinfo ENOTFOUND nosql-db{"metadata":{}}
2025-02-27 20:14:25 [[31merror[39m]: [database] Error connecting to database: getaddrinfo ENOTFOUND nosql-db{"metadata":{}}
2025-02-27 20:14:56 [[31merror[39m]: [database] Error connecting to database: getaddrinfo ENOTFOUND nosql-db{"metadata":{}}
2025-02-28 08:14:48 [[31merror[39m]: [database] Error connecting to database: getaddrinfo ENOTFOUND nosql-db{"metadata":{}}
2025-02-28 08:15:19 [[31merror[39m]: [database] Error connecting to database: getaddrinfo ENOTFOUND nosql-db{"metadata":{}}
2025-02-28 08:15:50 [[31merror[39m]: [database] Error connecting to database: getaddrinfo ENOTFOUND nosql-db{"metadata":{}}
2025-02-28 08:16:21 [[31merror[39m]: [database] Error connecting to database: getaddrinfo ENOTFOUND nosql-db{"metadata":{}}
2025-02-28 08:16:52 [[31merror[39m]: [database] Error connecting to database: getaddrinfo ENOTFOUND nosql-db{"metadata":{}}
2025-02-28 08:17:22 [[31merror[39m]: [database] Error connecting to database: getaddrinfo ENOTFOUND nosql-db{"metadata":{}}
2025-02-28 08:17:53 [[31merror[39m]: [database] Error connecting to database: getaddrinfo ENOTFOUND nosql-db{"metadata":{}}
2025-02-28 08:18:24 [[31merror[39m]: [database] Error connecting to database: getaddrinfo ENOTFOUND nosql-db{"metadata":{}}
2025-02-28 08:18:55 [[31merror[39m]: [database] Error connecting to database: getaddrinfo ENOTFOUND nosql-db{"metadata":{}}
2025-02-28 08:19:26 [[31merror[39m]: [database] Error connecting to database: getaddrinfo ENOTFOUND nosql-db{"metadata":{}}
2025-02-28 08:19:57 [[31merror[39m]: [database] Error connecting to database: getaddrinfo ENOTFOUND nosql-db{"metadata":{}}
2025-02-28 08:20:28 [[31merror[39m]: [database] Error connecting to database: getaddrinfo ENOTFOUND nosql-db{"metadata":{}}
2025-02-28 08:20:59 [[31merror[39m]: [database] Error connecting to database: getaddrinfo ENOTFOUND nosql-db{"metadata":{}}
2025-02-28 08:21:30 [[31merror[39m]: [database] Error connecting to database: getaddrinfo ENOTFOUND nosql-db{"metadata":{}}
2025-02-28 08:22:00 [[31merror[39m]: [database] Error connecting to database: getaddrinfo ENOTFOUND nosql-db{"metadata":{}}
2025-02-28 08:22:31 [[31merror[39m]: [database] Error connecting to database: getaddrinfo ENOTFOUND nosql-db{"metadata":{}}
2025-02-28 08:23:02 [[31merror[39m]: [database] Error connecting to database: getaddrinfo ENOTFOUND nosql-db{"metadata":{}}
2025-02-28 08:23:33 [[31merror[39m]: [database] Error connecting to database: getaddrinfo ENOTFOUND nosql-db{"metadata":{}}
2025-02-28 08:24:04 [[31merror[39m]: [database] Error connecting to database: getaddrinfo ENOTFOUND nosql-db{"metadata":{}}
2025-02-28 08:24:35 [[31merror[39m]: [database] Error connecting to database: getaddrinfo ENOTFOUND nosql-db{"metadata":{}}
2025-02-28 08:25:06 [[31merror[39m]: [database] Error connecting to database: getaddrinfo ENOTFOUND nosql-db{"metadata":{}}
2025-02-28 08:25:37 [[31merror[39m]: [database] Error connecting to database: getaddrinfo ENOTFOUND nosql-db{"metadata":{}}
2025-02-28 08:26:07 [[31merror[39m]: [database] Error connecting to database: getaddrinfo ENOTFOUND nosql-db{"metadata":{}}
2025-02-28 08:26:38 [[31merror[39m]: [database] Error connecting to database: getaddrinfo ENOTFOUND nosql-db{"metadata":{}}
2025-02-28 08:27:09 [[31merror[39m]: [database] Error connecting to database: getaddrinfo ENOTFOUND nosql-db{"metadata":{}}
2025-02-28 08:27:40 [[31merror[39m]: [database] Error connecting to database: getaddrinfo ENOTFOUND nosql-db{"metadata":{}}
2025-02-28 08:28:11 [[31merror[39m]: [database] Error connecting to database: getaddrinfo ENOTFOUND nosql-db{"metadata":{}}
2025-02-28 08:28:42 [[31merror[39m]: [database] Error connecting to database: getaddrinfo ENOTFOUND nosql-db{"metadata":{}}
2025-02-28 08:29:12 [[31merror[39m]: [database] Error connecting to database: getaddrinfo ENOTFOUND nosql-db{"metadata":{}}
2025-02-28 08:29:43 [[31merror[39m]: [database] Error connecting to database: getaddrinfo ENOTFOUND nosql-db{"metadata":{}}
2025-02-28 08:30:14 [[31merror[39m]: [database] Error connecting to database: getaddrinfo ENOTFOUND nosql-db{"metadata":{}}
2025-02-28 08:30:45 [[31merror[39m]: [database] Error connecting to database: getaddrinfo ENOTFOUND nosql-db{"metadata":{}}
2025-02-28 08:31:16 [[31merror[39m]: [database] Error connecting to database: getaddrinfo ENOTFOUND nosql-db{"metadata":{}}
2025-02-28 08:31:47 [[31merror[39m]: [database] Error connecting to database: getaddrinfo ENOTFOUND nosql-db{"metadata":{}}
2025-02-28 08:32:18 [[31merror[39m]: [database] Error connecting to database: getaddrinfo ENOTFOUND nosql-db{"metadata":{}}
2025-02-28 08:32:49 [[31merror[39m]: [database] Error connecting to database: getaddrinfo ENOTFOUND nosql-db{"metadata":{}}
2025-02-28 08:33:19 [[31merror[39m]: [database] Error connecting to database: getaddrinfo ENOTFOUND nosql-db{"metadata":{}}
2025-02-28 08:33:50 [[31merror[39m]: [database] Error connecting to database: getaddrinfo ENOTFOUND nosql-db{"metadata":{}}
2025-02-28 08:34:21 [[31merror[39m]: [database] Error connecting to database: getaddrinfo ENOTFOUND nosql-db{"metadata":{}}
2025-02-28 08:34:52 [[31merror[39m]: [database] Error connecting to database: getaddrinfo ENOTFOUND nosql-db{"metadata":{}}
2025-02-28 08:35:23 [[31merror[39m]: [database] Error connecting to database: getaddrinfo ENOTFOUND nosql-db{"metadata":{}}
2025-02-28 08:35:54 [[31merror[39m]: [database] Error connecting to database: getaddrinfo ENOTFOUND nosql-db{"metadata":{}}
2025-02-28 08:36:25 [[31merror[39m]: [database] Error connecting to database: getaddrinfo ENOTFOUND nosql-db{"metadata":{}}
2025-02-28 08:36:56 [[31merror[39m]: [database] Error connecting to database: getaddrinfo ENOTFOUND nosql-db{"metadata":{}}
2025-02-28 08:37:26 [[31merror[39m]: [database] Error connecting to database: getaddrinfo ENOTFOUND nosql-db{"metadata":{}}
2025-02-28 08:37:57 [[31merror[39m]: [database] Error connecting to database: getaddrinfo ENOTFOUND nosql-db{"metadata":{}}
2025-02-28 08:38:28 [[31merror[39m]: [database] Error connecting to database: getaddrinfo ENOTFOUND nosql-db{"metadata":{}}
2025-02-28 08:38:59 [[31merror[39m]: [database] Error connecting to database: getaddrinfo ENOTFOUND nosql-db{"metadata":{}}
2025-02-28 08:39:30 [[31merror[39m]: [database] Error connecting to database: getaddrinfo ENOTFOUND nosql-db{"metadata":{}}
2025-02-28 08:40:01 [[31merror[39m]: [database] Error connecting to database: getaddrinfo ENOTFOUND nosql-db{"metadata":{}}
2025-02-28 08:40:31 [[31merror[39m]: [database] Error connecting to database: getaddrinfo ENOTFOUND nosql-db{"metadata":{}}
2025-02-28 08:41:02 [[31merror[39m]: [database] Error connecting to database: getaddrinfo ENOTFOUND nosql-db{"metadata":{}}
2025-02-28 08:41:33 [[31merror[39m]: [database] Error connecting to database: getaddrinfo ENOTFOUND nosql-db{"metadata":{}}
2025-02-28 08:42:04 [[31merror[39m]: [database] Error connecting to database: getaddrinfo ENOTFOUND nosql-db{"metadata":{}}
2025-02-28 08:42:35 [[31merror[39m]: [database] Error connecting to database: getaddrinfo ENOTFOUND nosql-db{"metadata":{}}
2025-02-28 08:43:06 [[31merror[39m]: [database] Error connecting to database: getaddrinfo ENOTFOUND nosql-db{"metadata":{}}
2025-02-28 08:43:37 [[31merror[39m]: [database] Error connecting to database: getaddrinfo ENOTFOUND nosql-db{"metadata":{}}
2025-02-28 08:44:08 [[31merror[39m]: [database] Error connecting to database: getaddrinfo ENOTFOUND nosql-db{"metadata":{}}
2025-02-28 08:44:39 [[31merror[39m]: [database] Error connecting to database: getaddrinfo ENOTFOUND nosql-db{"metadata":{}}
2025-02-28 08:45:10 [[31merror[39m]: [database] Error connecting to database: getaddrinfo ENOTFOUND nosql-db{"metadata":{}}
2025-02-28 08:45:41 [[31merror[39m]: [database] Error connecting to database: getaddrinfo ENOTFOUND nosql-db{"metadata":{}}
2025-02-28 08:46:11 [[31merror[39m]: [database] Error connecting to database: getaddrinfo ENOTFOUND nosql-db{"metadata":{}}
2025-02-28 08:46:42 [[31merror[39m]: [database] Error connecting to database: getaddrinfo ENOTFOUND nosql-db{"metadata":{}}
2025-02-28 08:47:13 [[31merror[39m]: [database] Error connecting to database: getaddrinfo ENOTFOUND nosql-db{"metadata":{}}
2025-02-28 08:47:44 [[31merror[39m]: [database] Error connecting to database: getaddrinfo ENOTFOUND nosql-db{"metadata":{}}
2025-02-28 08:48:15 [[31merror[39m]: [database] Error connecting to database: getaddrinfo ENOTFOUND nosql-db{"metadata":{}}
2025-02-28 08:48:46 [[31merror[39m]: [database] Error connecting to database: getaddrinfo ENOTFOUND nosql-db{"metadata":{}}
2025-02-28 08:49:17 [[31merror[39m]: [database] Error connecting to database: getaddrinfo ENOTFOUND nosql-db{"metadata":{}}
2025-02-28 08:49:47 [[31merror[39m]: [database] Error connecting to database: getaddrinfo ENOTFOUND nosql-db{"metadata":{}}
2025-02-28 08:50:18 [[31merror[39m]: [database] Error connecting to database: getaddrinfo ENOTFOUND nosql-db{"metadata":{}}
2025-02-28 08:50:49 [[31merror[39m]: [database] Error connecting to database: getaddrinfo ENOTFOUND nosql-db{"metadata":{}}
2025-02-28 08:51:20 [[31merror[39m]: [database] Error connecting to database: getaddrinfo ENOTFOUND nosql-db{"metadata":{}}
2025-02-28 08:51:51 [[31merror[39m]: [database] Error connecting to database: getaddrinfo ENOTFOUND nosql-db{"metadata":{}}
2025-02-28 08:52:22 [[31merror[39m]: [database] Error connecting to database: getaddrinfo ENOTFOUND nosql-db{"metadata":{}}
2025-02-28 08:52:52 [[31merror[39m]: [database] Error connecting to database: getaddrinfo ENOTFOUND nosql-db{"metadata":{}}
2025-02-28 08:53:23 [[31merror[39m]: [database] Error connecting to database: getaddrinfo ENOTFOUND nosql-db{"metadata":{}}
2025-02-28 08:53:54 [[31merror[39m]: [database] Error connecting to database: getaddrinfo ENOTFOUND nosql-db{"metadata":{}}
2025-02-28 08:54:25 [[31merror[39m]: [database] Error connecting to database: getaddrinfo ENOTFOUND nosql-db{"metadata":{}}
2025-02-28 08:54:56 [[31merror[39m]: [database] Error connecting to database: getaddrinfo ENOTFOUND nosql-db{"metadata":{}}
2025-02-28 08:55:27 [[31merror[39m]: [database] Error connecting to database: getaddrinfo ENOTFOUND nosql-db{"metadata":{}}
2025-02-28 08:55:58 [[31merror[39m]: [database] Error connecting to database: getaddrinfo ENOTFOUND nosql-db{"metadata":{}}
2025-02-28 08:56:29 [[31merror[39m]: [database] Error connecting to database: getaddrinfo ENOTFOUND nosql-db{"metadata":{}}
2025-02-28 08:57:00 [[31merror[39m]: [database] Error connecting to database: getaddrinfo ENOTFOUND nosql-db{"metadata":{}}
2025-02-28 08:57:31 [[31merror[39m]: [database] Error connecting to database: getaddrinfo ENOTFOUND nosql-db{"metadata":{}}
2025-02-28 08:58:02 [[31merror[39m]: [database] Error connecting to database: getaddrinfo ENOTFOUND nosql-db{"metadata":{}}
2025-02-28 08:58:33 [[31merror[39m]: [database] Error connecting to database: getaddrinfo ENOTFOUND nosql-db{"metadata":{}}
2025-02-28 08:59:04 [[31merror[39m]: [database] Error connecting to database: getaddrinfo ENOTFOUND nosql-db{"metadata":{}}
2025-02-28 08:59:35 [[31merror[39m]: [database] Error connecting to database: getaddrinfo ENOTFOUND nosql-db{"metadata":{}}
2025-02-28 09:00:05 [[31merror[39m]: [database] Error connecting to database: getaddrinfo ENOTFOUND nosql-db{"metadata":{}}
2025-02-28 09:00:36 [[31merror[39m]: [database] Error connecting to database: getaddrinfo ENOTFOUND nosql-db{"metadata":{}}
2025-02-28 09:01:07 [[31merror[39m]: [database] Error connecting to database: getaddrinfo ENOTFOUND nosql-db{"metadata":{}}
2025-02-28 09:01:38 [[31merror[39m]: [database] Error connecting to database: getaddrinfo ENOTFOUND nosql-db{"metadata":{}}
2025-02-28 09:02:09 [[31merror[39m]: [database] Error connecting to database: getaddrinfo ENOTFOUND nosql-db{"metadata":{}}
2025-02-28 09:02:41 [[31merror[39m]: [database] Error connecting to database: getaddrinfo ENOTFOUND nosql-db{"metadata":{}}
2025-02-28 09:03:12 [[31merror[39m]: [database] Error connecting to database: getaddrinfo ENOTFOUND nosql-db{"metadata":{}}
2025-02-28 09:03:43 [[31merror[39m]: [database] Error connecting to database: getaddrinfo ENOTFOUND nosql-db{"metadata":{}}
2025-02-28 09:04:14 [[31merror[39m]: [database] Error connecting to database: getaddrinfo ENOTFOUND nosql-db{"metadata":{}}
2025-02-28 09:04:45 [[31merror[39m]: [database] Error connecting to database: getaddrinfo ENOTFOUND nosql-db{"metadata":{}}
2025-02-28 09:05:16 [[31merror[39m]: [database] Error connecting to database: getaddrinfo ENOTFOUND nosql-db{"metadata":{}}
2025-02-28 09:05:46 [[31merror[39m]: [database] Error connecting to database: getaddrinfo ENOTFOUND nosql-db{"metadata":{}}
2025-02-28 09:06:17 [[31merror[39m]: [database] Error connecting to database: getaddrinfo ENOTFOUND nosql-db{"metadata":{}}
2025-02-28 09:06:49 [[31merror[39m]: [database] Error connecting to database: getaddrinfo ENOTFOUND nosql-db{"metadata":{}}
2025-02-28 09:07:20 [[31merror[39m]: [database] Error connecting to database: getaddrinfo ENOTFOUND nosql-db{"metadata":{}}
2025-02-28 09:07:51 [[31merror[39m]: [database] Error connecting to database: getaddrinfo ENOTFOUND nosql-db{"metadata":{}}
2025-02-28 09:08:21 [[31merror[39m]: [database] Error connecting to database: getaddrinfo ENOTFOUND nosql-db{"metadata":{}}
2025-02-28 09:08:53 [[31merror[39m]: [database] Error connecting to database: getaddrinfo ENOTFOUND nosql-db{"metadata":{}}
2025-02-28 09:09:23 [[31merror[39m]: [database] Error connecting to database: getaddrinfo ENOTFOUND nosql-db{"metadata":{}}
2025-02-28 09:09:54 [[31merror[39m]: [database] Error connecting to database: getaddrinfo ENOTFOUND nosql-db{"metadata":{}}
2025-02-28 09:10:25 [[31merror[39m]: [database] Error connecting to database: getaddrinfo ENOTFOUND nosql-db{"metadata":{}}
2025-02-28 09:10:56 [[31merror[39m]: [database] Error connecting to database: getaddrinfo ENOTFOUND nosql-db{"metadata":{}}
2025-02-28 09:11:27 [[31merror[39m]: [database] Error connecting to database: getaddrinfo ENOTFOUND nosql-db{"metadata":{}}
2025-02-28 09:11:58 [[31merror[39m]: [database] Error connecting to database: getaddrinfo ENOTFOUND nosql-db{"metadata":{}}
2025-02-28 09:12:29 [[31merror[39m]: [database] Error connecting to database: getaddrinfo ENOTFOUND nosql-db{"metadata":{}}
2025-02-28 09:13:00 [[31merror[39m]: [database] Error connecting to database: getaddrinfo ENOTFOUND nosql-db{"metadata":{}}
2025-02-28 09:13:31 [[31merror[39m]: [database] Error connecting to database: getaddrinfo ENOTFOUND nosql-db{"metadata":{}}
2025-02-28 09:14:02 [[31merror[39m]: [database] Error connecting to database: getaddrinfo ENOTFOUND nosql-db{"metadata":{}}
2025-02-28 09:14:33 [[31merror[39m]: [database] Error connecting to database: getaddrinfo ENOTFOUND nosql-db{"metadata":{}}
2025-02-28 09:15:04 [[31merror[39m]: [database] Error connecting to database: getaddrinfo ENOTFOUND nosql-db{"metadata":{}}
2025-02-28 09:15:35 [[31merror[39m]: [database] Error connecting to database: getaddrinfo ENOTFOUND nosql-db{"metadata":{}}
2025-02-28 09:16:06 [[31merror[39m]: [database] Error connecting to database: getaddrinfo ENOTFOUND nosql-db{"metadata":{}}
2025-02-28 09:16:36 [[31merror[39m]: [database] Error connecting to database: getaddrinfo ENOTFOUND nosql-db{"metadata":{}}
2025-02-28 09:17:07 [[31merror[39m]: [database] Error connecting to database: getaddrinfo ENOTFOUND nosql-db{"metadata":{}}
2025-02-28 09:17:38 [[31merror[39m]: [database] Error connecting to database: getaddrinfo ENOTFOUND nosql-db{"metadata":{}}
2025-02-28 09:18:09 [[31merror[39m]: [database] Error connecting to database: getaddrinfo ENOTFOUND nosql-db{"metadata":{}}
2025-02-28 09:18:40 [[31merror[39m]: [database] Error connecting to database: getaddrinfo ENOTFOUND nosql-db{"metadata":{}}
2025-02-28 09:19:11 [[31merror[39m]: [database] Error connecting to database: getaddrinfo ENOTFOUND nosql-db{"metadata":{}}
2025-02-28 09:19:42 [[31merror[39m]: [database] Error connecting to database: getaddrinfo ENOTFOUND nosql-db{"metadata":{}}
2025-02-28 09:20:13 [[31merror[39m]: [database] Error connecting to database: getaddrinfo ENOTFOUND nosql-db{"metadata":{}}
2025-02-28 09:20:44 [[31merror[39m]: [database] Error connecting to database: getaddrinfo ENOTFOUND nosql-db{"metadata":{}}
2025-02-28 09:21:15 [[31merror[39m]: [database] Error connecting to database: getaddrinfo ENOTFOUND nosql-db{"metadata":{}}
2025-02-28 09:21:46 [[31merror[39m]: [database] Error connecting to database: getaddrinfo ENOTFOUND nosql-db{"metadata":{}}
2025-02-28 09:22:17 [[31merror[39m]: [database] Error connecting to database: getaddrinfo ENOTFOUND nosql-db{"metadata":{}}
2025-02-28 09:22:48 [[31merror[39m]: [database] Error connecting to database: getaddrinfo ENOTFOUND nosql-db{"metadata":{}}
2025-02-28 09:23:19 [[31merror[39m]: [database] Error connecting to database: getaddrinfo ENOTFOUND nosql-db{"metadata":{}}
2025-02-28 09:23:50 [[31merror[39m]: [database] Error connecting to database: getaddrinfo ENOTFOUND nosql-db{"metadata":{}}
2025-02-28 09:24:21 [[31merror[39m]: [database] Error connecting to database: getaddrinfo ENOTFOUND nosql-db{"metadata":{}}
2025-02-28 09:24:51 [[31merror[39m]: [database] Error connecting to database: getaddrinfo ENOTFOUND nosql-db{"metadata":{}}
2025-02-28 09:25:22 [[31merror[39m]: [database] Error connecting to database: getaddrinfo ENOTFOUND nosql-db{"metadata":{}}
2025-02-28 09:25:53 [[31merror[39m]: [database] Error connecting to database: getaddrinfo ENOTFOUND nosql-db{"metadata":{}}
2025-02-28 09:26:24 [[31merror[39m]: [database] Error connecting to database: getaddrinfo ENOTFOUND nosql-db{"metadata":{}}
2025-02-28 09:26:55 [[31merror[39m]: [database] Error connecting to database: getaddrinfo ENOTFOUND nosql-db{"metadata":{}}
2025-02-28 09:27:26 [[31merror[39m]: [database] Error connecting to database: getaddrinfo ENOTFOUND nosql-db{"metadata":{}}
2025-02-28 09:27:57 [[31merror[39m]: [database] Error connecting to database: getaddrinfo ENOTFOUND nosql-db{"metadata":{}}
2025-02-28 09:28:27 [[31merror[39m]: [database] Error connecting to database: getaddrinfo ENOTFOUND nosql-db{"metadata":{}}
2025-02-28 09:28:58 [[31merror[39m]: [database] Error connecting to database: getaddrinfo ENOTFOUND nosql-db{"metadata":{}}
2025-02-28 09:29:29 [[31merror[39m]: [database] Error connecting to database: getaddrinfo ENOTFOUND nosql-db{"metadata":{}}
2025-02-28 09:30:00 [[31merror[39m]: [database] Error connecting to database: getaddrinfo ENOTFOUND nosql-db{"metadata":{}}
2025-02-28 09:30:31 [[31merror[39m]: [database] Error connecting to database: getaddrinfo ENOTFOUND nosql-db{"metadata":{}}
2025-02-28 09:31:02 [[31merror[39m]: [database] Error connecting to database: getaddrinfo ENOTFOUND nosql-db{"metadata":{}}
2025-02-28 09:31:33 [[31merror[39m]: [database] Error connecting to database: getaddrinfo ENOTFOUND nosql-db{"metadata":{}}
2025-02-28 09:32:04 [[31merror[39m]: [database] Error connecting to database: getaddrinfo ENOTFOUND nosql-db{"metadata":{}}
2025-02-28 09:32:34 [[31merror[39m]: [database] Error connecting to database: getaddrinfo ENOTFOUND nosql-db{"metadata":{}}
2025-02-28 09:33:05 [[31merror[39m]: [database] Error connecting to database: getaddrinfo ENOTFOUND nosql-db{"metadata":{}}
2025-02-28 09:33:36 [[31merror[39m]: [database] Error connecting to database: getaddrinfo ENOTFOUND nosql-db{"metadata":{}}
2025-02-28 09:34:07 [[31merror[39m]: [database] Error connecting to database: getaddrinfo ENOTFOUND nosql-db{"metadata":{}}
2025-02-28 09:34:38 [[31merror[39m]: [database] Error connecting to database: getaddrinfo ENOTFOUND nosql-db{"metadata":{}}
2025-02-28 09:35:09 [[31merror[39m]: [database] Error connecting to database: getaddrinfo ENOTFOUND nosql-db{"metadata":{}}
2025-02-28 09:35:40 [[31merror[39m]: [database] Error connecting to database: getaddrinfo ENOTFOUND nosql-db{"metadata":{}}
2025-02-28 09:36:10 [[31merror[39m]: [database] Error connecting to database: getaddrinfo ENOTFOUND nosql-db{"metadata":{}}
2025-02-28 09:36:42 [[31merror[39m]: [database] Error connecting to database: getaddrinfo ENOTFOUND nosql-db{"metadata":{}}
2025-02-28 09:37:12 [[31merror[39m]: [database] Error connecting to database: getaddrinfo ENOTFOUND nosql-db{"metadata":{}}
2025-02-28 09:37:43 [[31merror[39m]: [database] Error connecting to database: getaddrinfo ENOTFOUND nosql-db{"metadata":{}}
2025-02-28 09:38:14 [[31merror[39m]: [database] Error connecting to database: getaddrinfo ENOTFOUND nosql-db{"metadata":{}}
2025-02-28 09:38:45 [[31merror[39m]: [database] Error connecting to database: getaddrinfo ENOTFOUND nosql-db{"metadata":{}}
2025-02-28 09:39:16 [[31merror[39m]: [database] Error connecting to database: getaddrinfo ENOTFOUND nosql-db{"metadata":{}}
2025-02-28 09:39:48 [[31merror[39m]: [database] Error connecting to database: getaddrinfo ENOTFOUND nosql-db{"metadata":{}}
2025-02-28 09:40:19 [[31merror[39m]: [database] Error connecting to database: getaddrinfo ENOTFOUND nosql-db{"metadata":{}}
2025-02-28 09:40:50 [[31merror[39m]: [database] Error connecting to database: getaddrinfo ENOTFOUND nosql-db{"metadata":{}}
2025-02-28 09:41:21 [[31merror[39m]: [database] Error connecting to database: getaddrinfo ENOTFOUND nosql-db{"metadata":{}}
2025-02-28 09:41:52 [[31merror[39m]: [database] Error connecting to database: getaddrinfo ENOTFOUND nosql-db{"metadata":{}}
2025-02-28 09:42:23 [[31merror[39m]: [database] Error connecting to database: getaddrinfo ENOTFOUND nosql-db{"metadata":{}}
2025-02-28 09:42:54 [[31merror[39m]: [database] Error connecting to database: getaddrinfo ENOTFOUND nosql-db{"metadata":{}}
2025-02-28 09:43:25 [[31merror[39m]: [database] Error connecting to database: getaddrinfo ENOTFOUND nosql-db{"metadata":{}}
2025-02-28 09:43:56 [[31merror[39m]: [database] Error connecting to database: getaddrinfo ENOTFOUND nosql-db{"metadata":{}}
2025-02-28 09:44:27 [[31merror[39m]: [database] Error connecting to database: getaddrinfo ENOTFOUND nosql-db{"metadata":{}}
2025-02-28 09:44:58 [[31merror[39m]: [database] Error connecting to database: getaddrinfo ENOTFOUND nosql-db{"metadata":{}}
2025-02-28 09:45:29 [[31merror[39m]: [database] Error connecting to database: getaddrinfo ENOTFOUND nosql-db{"metadata":{}}
2025-02-28 09:46:00 [[31merror[39m]: [database] Error connecting to database: getaddrinfo ENOTFOUND nosql-db{"metadata":{}}
2025-02-28 09:46:30 [[31merror[39m]: [database] Error connecting to database: getaddrinfo ENOTFOUND nosql-db{"metadata":{}}
2025-02-28 09:47:01 [[31merror[39m]: [database] Error connecting to database: getaddrinfo ENOTFOUND nosql-db{"metadata":{}}
2025-02-28 09:47:32 [[31merror[39m]: [database] Error connecting to database: getaddrinfo ENOTFOUND nosql-db{"metadata":{}}
2025-02-28 09:48:03 [[31merror[39m]: [database] Error connecting to database: getaddrinfo ENOTFOUND nosql-db{"metadata":{}}
2025-02-28 09:48:34 [[31merror[39m]: [database] Error connecting to database: getaddrinfo ENOTFOUND nosql-db{"metadata":{}}
2025-02-28 09:49:05 [[31merror[39m]: [database] Error connecting to database: getaddrinfo ENOTFOUND nosql-db{"metadata":{}}
2025-02-28 09:49:36 [[31merror[39m]: [database] Error connecting to database: getaddrinfo ENOTFOUND nosql-db{"metadata":{}}
2025-02-28 09:50:07 [[31merror[39m]: [database] Error connecting to database: getaddrinfo ENOTFOUND nosql-db{"metadata":{}}
2025-02-28 09:50:38 [[31merror[39m]: [database] Error connecting to database: getaddrinfo ENOTFOUND nosql-db{"metadata":{}}
2025-02-28 09:51:08 [[31merror[39m]: [database] Error connecting to database: getaddrinfo ENOTFOUND nosql-db{"metadata":{}}
2025-02-28 09:51:39 [[31merror[39m]: [database] Error connecting to database: getaddrinfo ENOTFOUND nosql-db{"metadata":{}}
2025-02-28 09:52:10 [[31merror[39m]: [database] Error connecting to database: getaddrinfo ENOTFOUND nosql-db{"metadata":{}}
2025-02-28 09:52:41 [[31merror[39m]: [database] Error connecting to database: getaddrinfo ENOTFOUND nosql-db{"metadata":{}}
2025-02-28 09:53:12 [[31merror[39m]: [database] Error connecting to database: getaddrinfo ENOTFOUND nosql-db{"metadata":{}}
2025-02-28 09:53:43 [[31merror[39m]: [database] Error connecting to database: getaddrinfo ENOTFOUND nosql-db{"metadata":{}}
2025-02-28 09:54:14 [[31merror[39m]: [database] Error connecting to database: getaddrinfo ENOTFOUND nosql-db{"metadata":{}}
2025-02-28 09:54:45 [[31merror[39m]: [database] Error connecting to database: getaddrinfo ENOTFOUND nosql-db{"metadata":{}}
2025-02-28 09:55:16 [[31merror[39m]: [database] Error connecting to database: getaddrinfo ENOTFOUND nosql-db{"metadata":{}}
2025-02-28 09:55:47 [[31merror[39m]: [database] Error connecting to database: getaddrinfo ENOTFOUND nosql-db{"metadata":{}}
2025-02-28 09:56:18 [[31merror[39m]: [database] Error connecting to database: getaddrinfo ENOTFOUND nosql-db{"metadata":{}}
2025-02-28 09:56:49 [[31merror[39m]: [database] Error connecting to database: getaddrinfo ENOTFOUND nosql-db{"metadata":{}}
2025-02-28 09:57:19 [[31merror[39m]: [database] Error connecting to database: getaddrinfo ENOTFOUND nosql-db{"metadata":{}}
2025-02-28 09:57:50 [[31merror[39m]: [database] Error connecting to database: getaddrinfo ENOTFOUND nosql-db{"metadata":{}}
2025-02-28 09:58:21 [[31merror[39m]: [database] Error connecting to database: getaddrinfo ENOTFOUND nosql-db{"metadata":{}}
2025-02-28 09:58:52 [[31merror[39m]: [database] Error connecting to database: getaddrinfo ENOTFOUND nosql-db{"metadata":{}}
2025-02-28 09:59:23 [[31merror[39m]: [database] Error connecting to database: getaddrinfo ENOTFOUND nosql-db{"metadata":{}}
2025-02-28 09:59:54 [[31merror[39m]: [database] Error connecting to database: getaddrinfo ENOTFOUND nosql-db{"metadata":{}}
2025-02-28 10:00:25 [[31merror[39m]: [database] Error connecting to database: getaddrinfo ENOTFOUND nosql-db{"metadata":{}}
2025-02-28 10:00:56 [[31merror[39m]: [database] Error connecting to database: getaddrinfo ENOTFOUND nosql-db{"metadata":{}}
2025-02-28 10:01:27 [[31merror[39m]: [database] Error connecting to database: getaddrinfo ENOTFOUND nosql-db{"metadata":{}}
2025-02-28 10:01:57 [[31merror[39m]: [database] Error connecting to database: getaddrinfo ENOTFOUND nosql-db{"metadata":{}}
2025-02-28 10:02:28 [[31merror[39m]: [database] Error connecting to database: getaddrinfo ENOTFOUND nosql-db{"metadata":{}}
2025-02-28 10:02:59 [[31merror[39m]: [database] Error connecting to database: getaddrinfo ENOTFOUND nosql-db{"metadata":{}}
2025-02-28 10:03:30 [[31merror[39m]: [database] Error connecting to database: getaddrinfo ENOTFOUND nosql-db{"metadata":{}}
2025-02-28 10:04:01 [[31merror[39m]: [database] Error connecting to database: getaddrinfo ENOTFOUND nosql-db{"metadata":{}}
2025-02-28 10:04:32 [[31merror[39m]: [database] Error connecting to database: getaddrinfo ENOTFOUND nosql-db{"metadata":{}}
2025-02-28 10:05:03 [[31merror[39m]: [database] Error connecting to database: getaddrinfo ENOTFOUND nosql-db{"metadata":{}}
2025-02-28 10:05:33 [[31merror[39m]: [database] Error connecting to database: getaddrinfo ENOTFOUND nosql-db{"metadata":{}}
2025-02-28 10:06:04 [[31merror[39m]: [database] Error connecting to database: getaddrinfo ENOTFOUND nosql-db{"metadata":{}}
2025-02-28 10:06:35 [[31merror[39m]: [database] Error connecting to database: getaddrinfo ENOTFOUND nosql-db{"metadata":{}}
2025-02-28 10:07:06 [[31merror[39m]: [database] Error connecting to database: getaddrinfo ENOTFOUND nosql-db{"metadata":{}}
2025-02-28 10:07:37 [[31merror[39m]: [database] Error connecting to database: getaddrinfo ENOTFOUND nosql-db{"metadata":{}}
2025-02-28 10:08:08 [[31merror[39m]: [database] Error connecting to database: getaddrinfo ENOTFOUND nosql-db{"metadata":{}}
2025-02-28 10:08:39 [[31merror[39m]: [database] Error connecting to database: getaddrinfo ENOTFOUND nosql-db{"metadata":{}}
2025-02-28 10:09:10 [[31merror[39m]: [database] Error connecting to database: getaddrinfo ENOTFOUND nosql-db{"metadata":{}}
2025-02-28 10:09:40 [[31merror[39m]: [database] Error connecting to database: getaddrinfo ENOTFOUND nosql-db{"metadata":{}}
2025-02-28 10:10:11 [[31merror[39m]: [database] Error connecting to database: getaddrinfo ENOTFOUND nosql-db{"metadata":{}}
2025-02-28 10:10:42 [[31merror[39m]: [database] Error connecting to database: getaddrinfo ENOTFOUND nosql-db{"metadata":{}}
2025-02-28 10:11:13 [[31merror[39m]: [database] Error connecting to database: getaddrinfo ENOTFOUND nosql-db{"metadata":{}}
2025-02-28 10:11:44 [[31merror[39m]: [database] Error connecting to database: getaddrinfo ENOTFOUND nosql-db{"metadata":{}}
2025-02-28 10:12:15 [[31merror[39m]: [database] Error connecting to database: getaddrinfo ENOTFOUND nosql-db{"metadata":{}}
2025-02-28 10:12:46 [[31merror[39m]: [database] Error connecting to database: getaddrinfo ENOTFOUND nosql-db{"metadata":{}}
2025-02-28 10:13:17 [[31merror[39m]: [database] Error connecting to database: getaddrinfo ENOTFOUND nosql-db{"metadata":{}}
2025-02-28 10:13:48 [[31merror[39m]: [database] Error connecting to database: getaddrinfo ENOTFOUND nosql-db{"metadata":{}}
2025-02-28 10:14:19 [[31merror[39m]: [database] Error connecting to database: getaddrinfo ENOTFOUND nosql-db{"metadata":{}}
2025-02-28 10:14:50 [[31merror[39m]: [database] Error connecting to database: getaddrinfo ENOTFOUND nosql-db{"metadata":{}}
2025-02-28 10:15:20 [[31merror[39m]: [database] Error connecting to database: getaddrinfo ENOTFOUND nosql-db{"metadata":{}}
2025-02-28 10:15:51 [[31merror[39m]: [database] Error connecting to database: getaddrinfo ENOTFOUND nosql-db{"metadata":{}}
2025-02-28 10:16:22 [[31merror[39m]: [database] Error connecting to database: getaddrinfo ENOTFOUND nosql-db{"metadata":{}}
2025-02-28 10:16:53 [[31merror[39m]: [database] Error connecting to database: getaddrinfo ENOTFOUND nosql-db{"metadata":{}}
2025-02-28 10:17:24 [[31merror[39m]: [database] Error connecting to database: getaddrinfo ENOTFOUND nosql-db{"metadata":{}}
2025-02-28 10:17:55 [[31merror[39m]: [database] Error connecting to database: getaddrinfo ENOTFOUND nosql-db{"metadata":{}}
2025-02-28 10:18:26 [[31merror[39m]: [database] Error connecting to database: getaddrinfo ENOTFOUND nosql-db{"metadata":{}}
2025-02-28 10:18:57 [[31merror[39m]: [database] Error connecting to database: getaddrinfo ENOTFOUND nosql-db{"metadata":{}}
2025-02-28 10:19:28 [[31merror[39m]: [database] Error connecting to database: getaddrinfo ENOTFOUND nosql-db{"metadata":{}}
2025-02-28 10:19:59 [[31merror[39m]: [database] Error connecting to database: getaddrinfo ENOTFOUND nosql-db{"metadata":{}}
2025-02-28 10:20:30 [[31merror[39m]: [database] Error connecting to database: getaddrinfo ENOTFOUND nosql-db{"metadata":{}}
2025-02-28 10:21:01 [[31merror[39m]: [database] Error connecting to database: getaddrinfo ENOTFOUND nosql-db{"metadata":{}}
2025-02-28 10:21:31 [[31merror[39m]: [database] Error connecting to database: getaddrinfo ENOTFOUND nosql-db{"metadata":{}}
2025-02-28 10:22:02 [[31merror[39m]: [database] Error connecting to database: getaddrinfo ENOTFOUND nosql-db{"metadata":{}}
2025-02-28 10:22:33 [[31merror[39m]: [database] Error connecting to database: getaddrinfo ENOTFOUND nosql-db{"metadata":{}}
2025-02-28 10:23:04 [[31merror[39m]: [database] Error connecting to database: getaddrinfo ENOTFOUND nosql-db{"metadata":{}}
2025-02-28 10:23:35 [[31merror[39m]: [database] Error connecting to database: getaddrinfo ENOTFOUND nosql-db{"metadata":{}}
2025-02-28 10:24:06 [[31merror[39m]: [database] Error connecting to database: getaddrinfo ENOTFOUND nosql-db{"metadata":{}}
2025-02-28 10:24:37 [[31merror[39m]: [database] Error connecting to database: getaddrinfo ENOTFOUND nosql-db{"metadata":{}}
2025-02-28 10:25:08 [[31merror[39m]: [database] Error connecting to database: getaddrinfo ENOTFOUND nosql-db{"metadata":{}}
2025-02-28 10:25:38 [[31merror[39m]: [database] Error connecting to database: getaddrinfo ENOTFOUND nosql-db{"metadata":{}}
2025-02-28 10:26:09 [[31merror[39m]: [database] Error connecting to database: getaddrinfo ENOTFOUND nosql-db{"metadata":{}}
2025-02-28 10:26:40 [[31merror[39m]: [database] Error connecting to database: getaddrinfo ENOTFOUND nosql-db{"metadata":{}}
2025-02-28 10:27:11 [[31merror[39m]: [database] Error connecting to database: getaddrinfo ENOTFOUND nosql-db{"metadata":{}}
2025-02-28 10:27:42 [[31merror[39m]: [database] Error connecting to database: getaddrinfo ENOTFOUND nosql-db{"metadata":{}}
2025-02-28 10:28:13 [[31merror[39m]: [database] Error connecting to database: getaddrinfo ENOTFOUND nosql-db{"metadata":{}}
2025-02-28 10:28:44 [[31merror[39m]: [database] Error connecting to database: getaddrinfo ENOTFOUND nosql-db{"metadata":{}}
2025-02-28 10:29:14 [[31merror[39m]: [database] Error connecting to database: getaddrinfo ENOTFOUND nosql-db{"metadata":{}}
2025-02-28 10:29:45 [[31merror[39m]: [database] Error connecting to database: getaddrinfo ENOTFOUND nosql-db{"metadata":{}}
2025-02-28 10:30:17 [[31merror[39m]: [database] Error connecting to database: getaddrinfo ENOTFOUND nosql-db{"metadata":{}}
2025-02-28 10:30:47 [[31merror[39m]: [database] Error connecting to database: getaddrinfo ENOTFOUND nosql-db{"metadata":{}}
2025-02-28 10:31:19 [[31merror[39m]: [database] Error connecting to database: getaddrinfo ENOTFOUND nosql-db{"metadata":{}}
2025-02-28 10:31:50 [[31merror[39m]: [database] Error connecting to database: getaddrinfo ENOTFOUND nosql-db{"metadata":{}}
2025-02-28 10:32:21 [[31merror[39m]: [database] Error connecting to database: getaddrinfo ENOTFOUND nosql-db{"metadata":{}}
2025-02-28 10:32:52 [[31merror[39m]: [database] Error connecting to database: getaddrinfo ENOTFOUND nosql-db{"metadata":{}}
2025-02-28 10:33:22 [[31merror[39m]: [database] Error connecting to database: getaddrinfo ENOTFOUND nosql-db{"metadata":{}}
2025-02-28 10:33:53 [[31merror[39m]: [database] Error connecting to database: getaddrinfo ENOTFOUND nosql-db{"metadata":{}}
2025-02-28 10:34:24 [[31merror[39m]: [database] Error connecting to database: getaddrinfo ENOTFOUND nosql-db{"metadata":{}}
2025-02-28 10:34:55 [[31merror[39m]: [database] Error connecting to database: getaddrinfo ENOTFOUND nosql-db{"metadata":{}}
2025-02-28 10:35:25 [[31merror[39m]: [database] Error connecting to database: getaddrinfo ENOTFOUND nosql-db{"metadata":{}}
2025-02-28 10:35:56 [[31merror[39m]: [database] Error connecting to database: getaddrinfo ENOTFOUND nosql-db{"metadata":{}}
2025-02-28 10:36:27 [[31merror[39m]: [database] Error connecting to database: getaddrinfo ENOTFOUND nosql-db{"metadata":{}}
2025-02-28 10:36:58 [[31merror[39m]: [database] Error connecting to database: getaddrinfo ENOTFOUND nosql-db{"metadata":{}}
2025-02-28 10:37:29 [[31merror[39m]: [database] Error connecting to database: getaddrinfo ENOTFOUND nosql-db{"metadata":{}}
2025-02-28 10:37:59 [[31merror[39m]: [database] Error connecting to database: getaddrinfo ENOTFOUND nosql-db{"metadata":{}}
2025-02-28 10:38:30 [[31merror[39m]: [database] Error connecting to database: getaddrinfo ENOTFOUND nosql-db{"metadata":{}}
2025-02-28 10:39:01 [[31merror[39m]: [database] Error connecting to database: getaddrinfo ENOTFOUND nosql-db{"metadata":{}}
2025-02-28 10:39:32 [[31merror[39m]: [database] Error connecting to database: getaddrinfo ENOTFOUND nosql-db{"metadata":{}}
2025-02-28 10:40:03 [[31merror[39m]: [database] Error connecting to database: getaddrinfo ENOTFOUND nosql-db{"metadata":{}}
2025-02-28 10:40:33 [[31merror[39m]: [database] Error connecting to database: getaddrinfo ENOTFOUND nosql-db{"metadata":{}}
2025-02-28 10:41:04 [[31merror[39m]: [database] Error connecting to database: getaddrinfo ENOTFOUND nosql-db{"metadata":{}}
2025-02-28 10:41:35 [[31merror[39m]: [database] Error connecting to database: getaddrinfo ENOTFOUND nosql-db{"metadata":{}}
2025-02-28 10:42:06 [[31merror[39m]: [database] Error connecting to database: getaddrinfo ENOTFOUND nosql-db{"metadata":{}}
2025-02-28 10:42:37 [[31merror[39m]: [database] Error connecting to database: getaddrinfo ENOTFOUND nosql-db{"metadata":{}}
2025-02-28 10:43:08 [[31merror[39m]: [database] Error connecting to database: getaddrinfo ENOTFOUND nosql-db{"metadata":{}}
2025-02-28 10:43:39 [[31merror[39m]: [database] Error connecting to database: getaddrinfo ENOTFOUND nosql-db{"metadata":{}}
2025-02-28 10:44:10 [[31merror[39m]: [database] Error connecting to database: getaddrinfo ENOTFOUND nosql-db{"metadata":{}}
2025-02-28 10:44:41 [[31merror[39m]: [database] Error connecting to database: getaddrinfo ENOTFOUND nosql-db{"metadata":{}}
2025-02-28 10:45:11 [[31merror[39m]: [database] Error connecting to database: getaddrinfo ENOTFOUND nosql-db{"metadata":{}}
