{"level":"info","message":"GET /health","service":"customer-service","timestamp":"2025-02-25T18:02:18.822Z"}
{"level":"info","message":"GET /health","service":"customer-service","timestamp":"2025-02-25T18:09:09.710Z"}
{"level":"info","message":"GET /health","service":"customer-service","timestamp":"2025-02-25T18:22:40.501Z"}
{"level":"info","message":"GET /health","service":"customer-service","timestamp":"2025-02-25T19:16:08.495Z"}
{"level":"info","message":"GET /health","service":"customer-service","timestamp":"2025-02-25T19:29:54.862Z"}
{"level":"info","message":"GET /health","module":"app","service":"customer-service","timestamp":"2025-02-25 19:47:38"}
{"level":"info","message":"GET /health","module":"app","service":"customer-service","timestamp":"2025-02-25 19:47:59"}
{"level":"info","message":"GET /health","module":"app","service":"customer-service","timestamp":"2025-02-25 20:04:15"}
{"level":"info","message":"GET /health","module":"app","service":"customer-service","timestamp":"2025-02-25 21:04:42"}
{"level":"info","message":"GET /customers","module":"app","service":"customer-service","timestamp":"2025-02-25 21:07:58"}
{"level":"info","message":"GET //customers","module":"app","service":"customer-service","timestamp":"2025-02-25 21:08:13"}
{"level":"info","message":"GET /customers","module":"app","service":"customer-service","timestamp":"2025-02-25 21:08:55"}
{"level":"info","message":"GET /customer","module":"app","service":"customer-service","timestamp":"2025-02-25 21:09:47"}
{"level":"info","message":"GET /health","module":"app","service":"customer-service","timestamp":"2025-02-25 22:15:15"}
{"level":"info","message":"GET /health","module":"app","service":"customer-service","timestamp":"2025-02-25 22:15:20"}
{"level":"info","message":"GET /health","module":"app","service":"customer-service","timestamp":"2025-02-25 22:15:21"}
{"level":"info","message":"GET /health","module":"app","service":"customer-service","timestamp":"2025-02-25 22:15:21"}
{"level":"info","message":"GET /health","module":"app","service":"customer-service","timestamp":"2025-02-25 22:15:22"}
{"level":"info","message":"GET /health","module":"app","service":"customer-service","timestamp":"2025-02-25 22:20:10"}
{"level":"info","message":"GET /health","module":"app","service":"customer-service","timestamp":"2025-02-25 22:20:33"}
{"level":"info","message":"GET /health","module":"app","service":"customer-service","timestamp":"2025-02-25 22:27:07"}
{"level":"info","message":"GET /health","module":"app","service":"customer-service","timestamp":"2025-02-25 22:30:04"}
{"level":"info","message":"GET /health","module":"app","service":"customer-service","timestamp":"2025-02-25 22:30:05"}
{"level":"info","message":"GET /health","module":"app","service":"customer-service","timestamp":"2025-02-25 22:30:05"}
{"level":"info","message":"GET /health","module":"app","service":"customer-service","timestamp":"2025-02-25 22:41:51"}
{"level":"info","message":"Message broker channel created successfully","module":"app","service":"customer-service","timestamp":"2025-02-25 23:08:41"}
{"level":"info","message":"Message broker channel created successfully","module":"app","service":"customer-service","timestamp":"2025-02-25 23:08:42"}
{"level":"info","message":"Message broker channel created successfully","module":"app","service":"customer-service","timestamp":"2025-02-25 23:08:44"}
{"level":"info","message":"Message broker channel created successfully","module":"app","service":"customer-service","timestamp":"2025-02-25 23:08:45"}
{"level":"info","message":"Message broker channel created successfully","module":"app","service":"customer-service","timestamp":"2025-02-25 23:08:46"}
{"level":"info","message":"Message broker channel created successfully","module":"app","service":"customer-service","timestamp":"2025-02-25 23:08:48"}
{"level":"info","message":"Message broker channel created successfully","module":"app","service":"customer-service","timestamp":"2025-02-25 23:08:52"}
{"level":"info","message":"Message broker channel created successfully","module":"app","service":"customer-service","timestamp":"2025-02-25 23:08:59"}
{"level":"info","message":"Message broker channel created successfully","module":"app","service":"customer-service","timestamp":"2025-02-25 23:09:13"}
{"level":"info","message":"Message broker channel created successfully","module":"app","service":"customer-service","timestamp":"2025-02-25 23:11:52"}
{"level":"info","message":"Message broker channel created successfully","module":"app","service":"customer-service","timestamp":"2025-02-25 23:11:53"}
{"level":"info","message":"Message broker channel created successfully","module":"app","service":"customer-service","timestamp":"2025-02-25 23:11:54"}
{"level":"info","message":"Message broker channel created successfully","module":"app","service":"customer-service","timestamp":"2025-02-25 23:11:56"}
{"level":"info","message":"Message broker channel created successfully","module":"app","service":"customer-service","timestamp":"2025-02-25 23:11:57"}
{"level":"info","message":"Message broker channel created successfully","module":"app","service":"customer-service","timestamp":"2025-02-25 23:11:59"}
{"level":"info","message":"Message broker channel created successfully","module":"app","service":"customer-service","timestamp":"2025-02-25 23:12:03"}
{"level":"info","message":"Message broker channel created successfully","module":"app","service":"customer-service","timestamp":"2025-02-25 23:12:11"}
{"level":"info","message":"Message broker channel created successfully","module":"app","service":"customer-service","timestamp":"2025-02-25 23:12:24"}
{"level":"info","message":"Message broker channel created successfully","module":"app","service":"customer-service","timestamp":"2025-02-25 23:13:26"}
{"level":"info","message":"Message broker channel created successfully","module":"app","service":"customer-service","timestamp":"2025-02-25 23:13:28"}
{"level":"info","message":"Message broker channel created successfully","module":"app","service":"customer-service","timestamp":"2025-02-25 23:13:29"}
{"level":"info","message":"Message broker channel created successfully","module":"app","service":"customer-service","timestamp":"2025-02-25 23:13:30"}
{"level":"info","message":"Message broker channel created successfully","module":"app","service":"customer-service","timestamp":"2025-02-25 23:13:32"}
{"level":"info","message":"Message broker channel created successfully","module":"app","service":"customer-service","timestamp":"2025-02-25 23:13:34"}
{"level":"info","message":"Message broker channel created successfully","module":"app","service":"customer-service","timestamp":"2025-02-25 23:13:38"}
{"level":"info","message":"Message broker channel created successfully","module":"app","service":"customer-service","timestamp":"2025-02-25 23:13:45"}
{"level":"info","message":"Message broker channel created successfully","module":"app","service":"customer-service","timestamp":"2025-02-25 23:13:59"}
{"level":"info","message":"Message broker channel created successfully","module":"app","service":"customer-service","timestamp":"2025-02-25 23:15:21"}
{"level":"info","message":"Message broker channel created successfully","module":"app","service":"customer-service","timestamp":"2025-02-25 23:15:22"}
{"level":"info","message":"Message broker channel created successfully","module":"app","service":"customer-service","timestamp":"2025-02-25 23:15:23"}
{"level":"info","message":"Message broker channel created successfully","module":"app","service":"customer-service","timestamp":"2025-02-25 23:15:24"}
{"level":"info","message":"Message broker channel created successfully","module":"app","service":"customer-service","timestamp":"2025-02-25 23:15:26"}
{"level":"info","message":"Message broker channel created successfully","module":"app","service":"customer-service","timestamp":"2025-02-25 23:15:28"}
{"level":"info","message":"Message broker channel created successfully","module":"app","service":"customer-service","timestamp":"2025-02-25 23:15:32"}
{"level":"info","message":"Message broker channel created successfully","module":"app","service":"customer-service","timestamp":"2025-02-25 23:15:39"}
{"level":"info","message":"Message broker channel created successfully","module":"app","service":"customer-service","timestamp":"2025-02-25 23:15:53"}
{"level":"info","message":"Message broker channel created successfully","module":"app","service":"customer-service","timestamp":"2025-02-25 23:16:19"}
{"level":"info","message":"Message broker channel created successfully","module":"app","service":"customer-service","timestamp":"2025-02-25 23:17:20"}
{"level":"info","message":"Message broker channel created successfully","module":"app","service":"customer-service","timestamp":"2025-02-25 23:17:20"}
{"level":"info","message":"Message broker channel created successfully","module":"app","service":"customer-service","timestamp":"2025-02-25 23:17:21"}
{"level":"info","message":"Message broker channel created successfully","module":"app","service":"customer-service","timestamp":"2025-02-25 23:17:22"}
{"level":"info","message":"Message broker channel created successfully","module":"app","service":"customer-service","timestamp":"2025-02-25 23:17:24"}
{"level":"info","message":"Message broker channel created successfully","module":"app","service":"customer-service","timestamp":"2025-02-25 23:17:26"}
{"level":"info","message":"Message broker channel created successfully","module":"app","service":"customer-service","timestamp":"2025-02-25 23:17:30"}
{"level":"info","message":"Message broker channel created successfully","module":"app","service":"customer-service","timestamp":"2025-02-25 23:17:38"}
{"level":"info","message":"Message broker channel created successfully","module":"app","service":"customer-service","timestamp":"2025-02-25 23:19:04"}
{"level":"info","message":"Message broker channel created successfully","module":"app","service":"customer-service","timestamp":"2025-02-25 23:19:05"}
{"level":"info","message":"Message broker channel created successfully","module":"app","service":"customer-service","timestamp":"2025-02-25 23:19:06"}
{"level":"info","message":"Message broker channel created successfully","module":"app","service":"customer-service","timestamp":"2025-02-25 23:19:07"}
{"level":"info","message":"Message broker channel created successfully","module":"app","service":"customer-service","timestamp":"2025-02-25 23:19:09"}
{"level":"info","message":"Message broker channel created successfully","module":"app","service":"customer-service","timestamp":"2025-02-25 23:19:11"}
{"level":"info","message":"Message broker channel created successfully","module":"app","service":"customer-service","timestamp":"2025-02-25 23:19:15"}
{"level":"info","message":"Message broker channel created successfully","module":"app","service":"customer-service","timestamp":"2025-02-25 23:19:23"}
{"level":"info","message":"Message broker channel created successfully","module":"app","service":"customer-service","timestamp":"2025-02-25 23:20:41"}
{"level":"info","message":"GET /api/customer","module":"app","service":"customer-service","timestamp":"2025-02-25 23:20:58"}
{"level":"info","message":"Message broker channel created successfully","module":"app","service":"customer-service","timestamp":"2025-02-25 23:23:22"}
{"level":"info","message":"GET /api/customer","module":"app","service":"customer-service","timestamp":"2025-02-25 23:23:26"}
{"level":"info","message":"GET /api/customer","module":"app","service":"customer-service","timestamp":"2025-02-25 23:23:27"}
{"level":"info","message":"GET /api/customer","module":"app","service":"customer-service","timestamp":"2025-02-25 23:23:27"}
{"level":"info","message":"GET /api/customer","module":"app","service":"customer-service","timestamp":"2025-02-25 23:23:27"}
{"level":"info","message":"GET /api/customer","module":"app","service":"customer-service","timestamp":"2025-02-25 23:23:27"}
{"level":"info","message":"GET /api/customer","module":"app","service":"customer-service","timestamp":"2025-02-25 23:23:45"}
{"level":"info","message":"GET /api/customer","module":"app","service":"customer-service","timestamp":"2025-02-25 23:23:45"}
{"level":"info","message":"GET /api/customer","module":"app","service":"customer-service","timestamp":"2025-02-25 23:23:46"}
{"level":"info","message":"GET /api/customer","module":"app","service":"customer-service","timestamp":"2025-02-25 23:25:26"}
{"level":"info","message":"GET /api/customer","module":"app","service":"customer-service","timestamp":"2025-02-25 23:25:26"}
{"level":"info","message":"GET /api/customer","module":"app","service":"customer-service","timestamp":"2025-02-25 23:25:26"}
{"level":"info","message":"GET /api/customer","module":"app","service":"customer-service","timestamp":"2025-02-25 23:25:27"}
{"level":"info","message":"GET /api/customer","module":"app","service":"customer-service","timestamp":"2025-02-25 23:25:59"}
{"level":"info","message":"Message broker channel created successfully","module":"app","service":"customer-service","timestamp":"2025-02-25 23:27:30"}
{"level":"info","message":"Message broker channel created successfully","module":"app","service":"customer-service","timestamp":"2025-02-25 23:31:25"}
{"level":"info","message":"Message broker channel created successfully","module":"app","service":"customer-service","timestamp":"2025-02-25 23:34:47"}
{"level":"info","message":"Message broker channel created successfully","module":"app","service":"customer-service","timestamp":"2025-02-25 23:36:54"}
{"level":"info","message":"Message broker channel created successfully","module":"app","service":"customer-service","timestamp":"2025-02-26 04:46:26"}
{"level":"info","message":"GET /api/customer","module":"app","service":"customer-service","timestamp":"2025-02-26 04:47:14"}
{"level":"info","message":"Message broker channel created successfully","module":"app","service":"customer-service","timestamp":"2025-02-26 04:49:35"}
{"level":"info","message":"GET /api/customers","module":"app","service":"customer-service","timestamp":"2025-02-26 04:49:38"}
{"level":"error","message":"Route /api/customers not found","module":"error-handler","service":"customer-service","status":"error","statusCode":404,"timestamp":"2025-02-26 04:49:38"}
